2020-05-23 20:36:24,432 [main] INFO  org.mule.module.launcher.application.DefaultMuleApplication - 
++++++++++++++++++++++++++++++++++++++++++++++++++++++++++++
+ Initializing app 'messageenricher3'                      +
++++++++++++++++++++++++++++++++++++++++++++++++++++++++++++
2020-05-23 20:36:24,882 [main] INFO  org.mule.util.JdkVersionUtils - You're executing with a JDK made by a vendor that is not on the recommended list of vendors. Vendor: AdoptOpenJDK Please consider changing to a recommended JDK vendor.
2020-05-23 20:36:24,910 [main] INFO  org.mule.lifecycle.AbstractLifecycleManager - Initialising RegistryBroker
2020-05-23 20:36:25,102 [main] INFO  org.mule.module.extension.internal.manager.DefaultExtensionManager - Starting discovery of extensions
2020-05-23 20:36:25,259 [main] INFO  org.mule.module.extension.internal.manager.DefaultExtensionManager - Discovered 1 extensions
2020-05-23 20:36:25,259 [main] INFO  org.mule.module.extension.internal.manager.DefaultExtensionManager - Registering extension validation (version 3.9)
2020-05-23 20:36:25,555 [main] INFO  org.mule.config.spring.MuleArtifactContext - Refreshing org.mule.config.spring.MuleArtifactContext@72b16078: startup date [Sat May 23 20:36:25 IST 2020]; root of context hierarchy
2020-05-23 20:36:27,591 [main] INFO  org.mule.config.spring.processors.NoDevkitInjectorProcessor - JSR-330 'javax.inject.Inject' annotation found and supported for autowiring
2020-05-23 20:36:29,010 [main] WARN  org.mule.module.ognl.expression.OgnlExpressionEvaluator - OGNL module is deprecated and will be removed in Mule 4.0. Use MEL expressions instead.
2020-05-23 20:36:29,715 [main] INFO  org.mule.util.journal.TransactionJournal - Using files for tx logs F:\R language & git\MulesoftSourceCode\.mule\.\.mule\messageenricher3\queue-tx-log\tx1.log and F:\R language & git\MulesoftSourceCode\.mule\.\.mule\messageenricher3\queue-tx-log\tx2.log
2020-05-23 20:36:29,755 [main] INFO  org.mule.util.journal.TransactionJournal - Using files for tx logs F:\R language & git\MulesoftSourceCode\.mule\.\.mule\messageenricher3\queue-xa-tx-log\tx1.log and F:\R language & git\MulesoftSourceCode\.mule\.\.mule\messageenricher3\queue-xa-tx-log\tx2.log
2020-05-23 20:36:29,921 [main] INFO  org.mule.lifecycle.AbstractLifecycleManager - Initialising model: _muleSystemModel
2020-05-23 20:36:29,926 [main] INFO  org.mule.construct.FlowConstructLifecycleManager - Initialising flow: fileFlow
2020-05-23 20:36:29,926 [main] INFO  org.mule.exception.DefaultMessagingExceptionStrategy - Initialising exception listener: org.mule.exception.DefaultMessagingExceptionStrategy@78d9f51b
2020-05-23 20:36:29,948 [main] INFO  org.mule.processor.SedaStageLifecycleManager - Initialising service: fileFlow.stage1
2020-05-23 20:36:30,308 [main] INFO  org.mule.config.spring.SpringXmlConfigurationBuilder - Configured Mule using "org.mule.config.spring.SpringXmlConfigurationBuilder" with configuration resource(s): "[ConfigResource{resourceName='F:\R language & git\MulesoftSourceCode\.mule\apps\messageenricher3\messageenricher3.xml'}]"
2020-05-23 20:36:30,308 [main] INFO  org.mule.config.builders.AutoConfigurationBuilder - Configured Mule using "org.mule.config.builders.AutoConfigurationBuilder" with configuration resource(s): "[ConfigResource{resourceName='F:\R language & git\MulesoftSourceCode\.mule\apps\messageenricher3\messageenricher3.xml'}]"
2020-05-23 20:36:30,315 [main] INFO  com.mulesoft.module.policies.lifecyle.GateKeeper - GateKeeper Mode: DISABLED
2020-05-23 20:36:30,317 [main] INFO  org.mule.module.launcher.application.DefaultMuleApplication - 
++++++++++++++++++++++++++++++++++++++++++++++++++++++++++++
+ Starting app 'messageenricher3'                          +
++++++++++++++++++++++++++++++++++++++++++++++++++++++++++++
2020-05-23 20:36:30,361 [main] INFO  org.mule.util.queue.QueueXaResourceManager - Starting ResourceManager
2020-05-23 20:36:30,361 [main] INFO  org.mule.util.queue.QueueXaResourceManager - Started ResourceManager
2020-05-23 20:36:30,462 [main] INFO  org.mule.module.http.internal.listener.DefaultHttpListenerConfig - Listening for requests on http://0.0.0.0:8081/m3
2020-05-23 20:36:30,470 [main] INFO  org.mule.lifecycle.AbstractLifecycleManager - Starting model: _muleSystemModel
2020-05-23 20:36:30,470 [main] INFO  org.mule.construct.FlowConstructLifecycleManager - Starting flow: fileFlow
2020-05-23 20:36:30,470 [main] INFO  org.mule.processor.SedaStageLifecycleManager - Starting service: fileFlow.stage1
2020-05-23 20:36:30,537 [main] INFO  org.mule.module.management.agent.WrapperManagerAgent - This JVM hasn't been launched by the wrapper, the agent will not run.
2020-05-23 20:36:30,569 [main] INFO  org.mule.DefaultMuleContext - 
**********************************************************************
* Application: messageenricher3                                      *
* OS encoding: \, Mule encoding: UTF-8                               *
*                                                                    *
* Agents Running:                                                    *
*   JMX Agent                                                        *
*   Batch module default engine                                      *
*   Wrapper Manager                                                  *
**********************************************************************
2020-05-23 20:36:55,633 [Mule.app.deployer.monitor.1.thread.1] INFO  org.mule.module.launcher.application.DefaultMuleApplication - 
++++++++++++++++++++++++++++++++++++++++++++++++++++++++++++
+ Stopping app 'messageenricher3'                          +
++++++++++++++++++++++++++++++++++++++++++++++++++++++++++++
2020-05-23 20:36:55,635 [Mule.app.deployer.monitor.1.thread.1] INFO  org.mule.construct.FlowConstructLifecycleManager - Stopping flow: fileFlow
2020-05-23 20:36:55,638 [Mule.app.deployer.monitor.1.thread.1] INFO  org.mule.processor.SedaStageLifecycleManager - Stopping service: fileFlow.stage1
2020-05-23 20:36:55,655 [Mule.app.deployer.monitor.1.thread.1] INFO  org.mule.lifecycle.AbstractLifecycleManager - Stopping model: _muleSystemModel
2020-05-23 20:36:55,936 [Mule.app.deployer.monitor.1.thread.1] INFO  org.mule.module.http.internal.listener.DefaultHttpListenerConfig - Stopped listener on http://0.0.0.0:8081/m3
2020-05-23 20:36:55,940 [Mule.app.deployer.monitor.1.thread.1] INFO  org.mule.util.queue.QueueXaResourceManager - Stopping ResourceManager
2020-05-23 20:36:55,940 [Mule.app.deployer.monitor.1.thread.1] INFO  org.mule.util.queue.QueueXaResourceManager - Stopped ResourceManager
2020-05-23 20:36:55,957 [Mule.app.deployer.monitor.1.thread.1] INFO  org.mule.module.launcher.application.DefaultMuleApplication - 
++++++++++++++++++++++++++++++++++++++++++++++++++++++++++++
+ Disposing app 'messageenricher3'                         +
++++++++++++++++++++++++++++++++++++++++++++++++++++++++++++
2020-05-23 20:36:55,964 [Mule.app.deployer.monitor.1.thread.1] INFO  org.mule.lifecycle.AbstractLifecycleManager - Disposing RegistryBroker
2020-05-23 20:36:55,966 [Mule.app.deployer.monitor.1.thread.1] INFO  org.mule.construct.FlowConstructLifecycleManager - Disposing flow: fileFlow
2020-05-23 20:36:55,973 [Mule.app.deployer.monitor.1.thread.1] INFO  org.mule.processor.SedaStageLifecycleManager - Disposing service: fileFlow.stage1
2020-05-23 20:36:55,986 [Mule.app.deployer.monitor.1.thread.1] INFO  org.mule.lifecycle.AbstractLifecycleManager - Disposing model: _muleSystemModel
2020-05-23 20:36:56,214 [Mule.app.deployer.monitor.1.thread.1] INFO  org.mule.config.spring.MuleArtifactContext - Closing org.mule.config.spring.MuleArtifactContext@72b16078: startup date [Sat May 23 20:36:25 IST 2020]; root of context hierarchy
2020-05-23 20:36:56,226 [Mule.app.deployer.monitor.1.thread.1] INFO  org.mule.DefaultMuleContext - 
**********************************************************************
* Application "messageenricher3" shut down normally on: 23/5/20      *
* 8:36 PM                                                            *
* Up for: 0 days, 0 hours, 0 mins, 25.908 sec                        *
**********************************************************************
2020-05-23 20:36:56,387 [Mule.app.deployer.monitor.1.thread.1] INFO  org.mule.module.launcher.application.DefaultMuleApplication - 
++++++++++++++++++++++++++++++++++++++++++++++++++++++++++++
+ Initializing app 'messageenricher3'                      +
++++++++++++++++++++++++++++++++++++++++++++++++++++++++++++
2020-05-23 20:36:56,395 [Mule.app.deployer.monitor.1.thread.1] INFO  org.mule.util.JdkVersionUtils - You're executing with a JDK made by a vendor that is not on the recommended list of vendors. Vendor: AdoptOpenJDK Please consider changing to a recommended JDK vendor.
2020-05-23 20:36:56,401 [Mule.app.deployer.monitor.1.thread.1] INFO  org.mule.lifecycle.AbstractLifecycleManager - Initialising RegistryBroker
2020-05-23 20:36:56,413 [Mule.app.deployer.monitor.1.thread.1] INFO  org.mule.module.extension.internal.manager.DefaultExtensionManager - Starting discovery of extensions
2020-05-23 20:36:56,440 [Mule.app.deployer.monitor.1.thread.1] INFO  org.mule.module.extension.internal.manager.DefaultExtensionManager - Discovered 1 extensions
2020-05-23 20:36:56,442 [Mule.app.deployer.monitor.1.thread.1] INFO  org.mule.module.extension.internal.manager.DefaultExtensionManager - Registering extension validation (version 3.9)
2020-05-23 20:36:56,445 [Mule.app.deployer.monitor.1.thread.1] INFO  org.mule.config.spring.MuleArtifactContext - Refreshing org.mule.config.spring.MuleArtifactContext@455999e3: startup date [Sat May 23 20:36:56 IST 2020]; root of context hierarchy
2020-05-23 20:36:56,965 [Mule.app.deployer.monitor.1.thread.1] INFO  org.mule.config.spring.processors.NoDevkitInjectorProcessor - JSR-330 'javax.inject.Inject' annotation found and supported for autowiring
2020-05-23 20:36:57,185 [Mule.app.deployer.monitor.1.thread.1] INFO  org.mule.util.journal.TransactionJournal - Using files for tx logs F:\R language & git\MulesoftSourceCode\.mule\.\.mule\messageenricher3\queue-tx-log\tx1.log and F:\R language & git\MulesoftSourceCode\.mule\.\.mule\messageenricher3\queue-tx-log\tx2.log
2020-05-23 20:36:57,189 [Mule.app.deployer.monitor.1.thread.1] INFO  org.mule.util.journal.TransactionJournal - Using files for tx logs F:\R language & git\MulesoftSourceCode\.mule\.\.mule\messageenricher3\queue-xa-tx-log\tx1.log and F:\R language & git\MulesoftSourceCode\.mule\.\.mule\messageenricher3\queue-xa-tx-log\tx2.log
2020-05-23 20:36:57,207 [Mule.app.deployer.monitor.1.thread.1] INFO  org.mule.lifecycle.AbstractLifecycleManager - Initialising model: _muleSystemModel
2020-05-23 20:36:57,214 [Mule.app.deployer.monitor.1.thread.1] INFO  org.mule.construct.FlowConstructLifecycleManager - Initialising flow: fileFlow
2020-05-23 20:36:57,214 [Mule.app.deployer.monitor.1.thread.1] INFO  org.mule.exception.DefaultMessagingExceptionStrategy - Initialising exception listener: org.mule.exception.DefaultMessagingExceptionStrategy@33b97864
2020-05-23 20:36:57,228 [Mule.app.deployer.monitor.1.thread.1] INFO  org.mule.processor.SedaStageLifecycleManager - Initialising service: fileFlow.stage1
2020-05-23 20:36:57,351 [Mule.app.deployer.monitor.1.thread.1] INFO  org.mule.config.spring.SpringXmlConfigurationBuilder - Configured Mule using "org.mule.config.spring.SpringXmlConfigurationBuilder" with configuration resource(s): "[ConfigResource{resourceName='F:\R language & git\MulesoftSourceCode\.mule\apps\messageenricher3\messageenricher3.xml'}]"
2020-05-23 20:36:57,353 [Mule.app.deployer.monitor.1.thread.1] INFO  org.mule.config.builders.AutoConfigurationBuilder - Configured Mule using "org.mule.config.builders.AutoConfigurationBuilder" with configuration resource(s): "[ConfigResource{resourceName='F:\R language & git\MulesoftSourceCode\.mule\apps\messageenricher3\messageenricher3.xml'}]"
2020-05-23 20:36:57,356 [Mule.app.deployer.monitor.1.thread.1] INFO  org.mule.module.launcher.application.DefaultMuleApplication - 
++++++++++++++++++++++++++++++++++++++++++++++++++++++++++++
+ Starting app 'messageenricher3'                          +
++++++++++++++++++++++++++++++++++++++++++++++++++++++++++++
2020-05-23 20:36:57,358 [Mule.app.deployer.monitor.1.thread.1] INFO  org.mule.util.queue.QueueXaResourceManager - Starting ResourceManager
2020-05-23 20:36:57,358 [Mule.app.deployer.monitor.1.thread.1] INFO  org.mule.util.queue.QueueXaResourceManager - Started ResourceManager
2020-05-23 20:36:57,376 [Mule.app.deployer.monitor.1.thread.1] INFO  org.mule.module.http.internal.listener.DefaultHttpListenerConfig - Listening for requests on http://0.0.0.0:8081/m3
2020-05-23 20:36:57,383 [Mule.app.deployer.monitor.1.thread.1] INFO  org.mule.lifecycle.AbstractLifecycleManager - Starting model: _muleSystemModel
2020-05-23 20:36:57,386 [Mule.app.deployer.monitor.1.thread.1] INFO  org.mule.construct.FlowConstructLifecycleManager - Starting flow: fileFlow
2020-05-23 20:36:57,386 [Mule.app.deployer.monitor.1.thread.1] INFO  org.mule.processor.SedaStageLifecycleManager - Starting service: fileFlow.stage1
2020-05-23 20:36:57,405 [Mule.app.deployer.monitor.1.thread.1] INFO  org.mule.module.management.agent.WrapperManagerAgent - This JVM hasn't been launched by the wrapper, the agent will not run.
2020-05-23 20:36:57,413 [Mule.app.deployer.monitor.1.thread.1] INFO  org.mule.DefaultMuleContext - 
**********************************************************************
* Application: messageenricher3                                      *
* OS encoding: \, Mule encoding: UTF-8                               *
*                                                                    *
* Agents Running:                                                    *
*   JMX Agent                                                        *
*   Batch module default engine                                      *
*   Wrapper Manager                                                  *
**********************************************************************
2020-05-23 20:37:12,565 [[messageenricher3].HTTP_Listener_Configuration.worker.01] INFO  org.mule.api.processor.LoggerMessageProcessor - After byte:::::::::::: ***********[{
		"NAME": "dua lips",
		"ID": "006",
		"PLACE": "london",
		"MARITAL_STATUS": "Unmarried",
		"EDUCATION": "school"
	
	},
	{
		"NAME": "dua lips",
		"ID": "006",
		"PLACE": "london",
		"MARITAL_STATUS": "Unmarried",
		"EDUCATION": "school"
	},
	{
		"NAME": "dua lips",
		"ID": "006",
		"PLACE": "london",
		"MARITAL_STATUS": "Unmarried",
		"EDUCATION": "school"
	}]
2020-05-23 20:37:13,114 [[messageenricher3].HTTP_Listener_Configuration.worker.01] INFO  org.mule.api.processor.LoggerMessageProcessor - *******AFter Data base output is:::::::::::::::[{GENDER=female, SN=narsavva, SID=3, CITYNAME=anthergaom, SALARY=1000000}, {GENDER=male, SN=gangarajam, SID=4, CITYNAME=anthergaom, SALARY=2000000}, {GENDER=male, SN=madhu, SID=5, CITYNAME=hyderabad, SALARY=500000}, {GENDER=male, SN=krishana chiatanya, SID=6, CITYNAME=hyderaba, SALARY=7000000}, {GENDER=female, SN=Gouri, SID=7, CITYNAME=hyderabad, SALARY=900000}, {GENDER=male, SN=srihari, SID=8, CITYNAME=london, SALARY=1100000}, {GENDER=femal, SN=choudary, SID=9, CITYNAME=hyderabad, SALARY=20000}, {GENDER=male, SN=anudeep, SID=10, CITYNAME=hyderabad, SALARY=120000}, {GENDER=male, SN=vamshi, SID=11, CITYNAME=hyderabad, SALARY=1600000}, {GENDER=male, SN=purshotham, SID=12, CITYNAME=hyderabad, SALARY=500000000}, {GENDER=female, SN=sujatha, SID=13, CITYNAME=hyderabad, SALARY=140000000}, {GENDER=male, SN=vijay, SID=14, CITYNAME=itikyal, SALARY=200000}, {GENDER=male, SN=revanth, SID=15, CITYNAME=illions, SALARY=7000000}, {GENDER=male, SN=rajreddy, SID=16, CITYNAME=itikyal, SALARY=8000000}, {GENDER=female, SN=aruna, SID=17, CITYNAME=mutapelli, SALARY=5000000}, {GENDER=male, SN=vijay son, SID=18, CITYNAME=hyderabad, SALARY=40000}, {GENDER=male, SN=murali mohan, SID=19, CITYNAME=manikonda, SALARY=4000000}, {GENDER=male, SN=vinay, SID=20, CITYNAME=filmnagar, SALARY=3000000}, {GENDER=male, SN=babu, SID=21, CITYNAME=palakollu, SALARY=3000000}, {GENDER=male, SN=suri, SID=22, CITYNAME=vijayawada, SALARY=45035000}, {GENDER=male, SN=hemanth kumar, SID=23, CITYNAME=chicago, SALARY=19000000}, {GENDER=male, SN=vasudeva rao, SID=24, CITYNAME=noth carolina, SALARY=50000000}, {GENDER=male, SN=shekhar, SID=1, CITYNAME=hyderabad, SALARY=500000}, {GENDER=male, SN=shankar, SID=2, CITYNAME=anthergaom, SALARY=600000}, {GENDER=male, SN=raja shekhar, SID=25, CITYNAME=singapore, SALARY=25000000}, {GENDER=male, SN=laxman, SID=26, CITYNAME=netherlands, SALARY=98000000}, {GENDER=male, SN=narshimma rao, SID=27, CITYNAME=new singapore, SALARY=125000000}, {GENDER=male, SN=dinesh, SID=30, CITYNAME=kurnool, SALARY=25000000}, {GENDER=male, SN=Uday, SID=28, CITYNAME=hindupoor, SALARY=5600000}, {GENDER=male, SN=pavan, SID=29, CITYNAME=ranga reddy nagar, SALARY=8500000}, {GENDER=male, SN=naresh, SID=null, CITYNAME=null, SALARY=8500000}, {GENDER=male, SN=laxman, SID=26, CITYNAME=netherlands, SALARY=98000000}, {GENDER=male, SN=narshimma rao, SID=27, CITYNAME=new singapore, SALARY=125000000}, {GENDER=male, SN=raja shekhar, SID=25, CITYNAME=singapore, SALARY=25000000}, {GENDER=female, SN=Gouri, SID=7, CITYNAME=hyderabad, SALARY=900000}, {GENDER=male, SN=rajreddy, SID=16, CITYNAME=itikyal, SALARY=8000000}, {GENDER=female, SN=aruna, SID=17, CITYNAME=mutapelli, SALARY=5000000}, {GENDER=male, SN=shekhar, SID=1, CITYNAME=hyderabad, SALARY=500000}, {GENDER=male, SN=shankar, SID=2, CITYNAME=anthergaom, SALARY=600000}, {GENDER=male, SN=murali mohan, SID=19, CITYNAME=manikonda, SALARY=4000000}, {GENDER=male, SN=vinay, SID=20, CITYNAME=filmnagar, SALARY=3000000}, {GENDER=male, SN=suri, SID=22, CITYNAME=vijayawada, SALARY=45035000}, {GENDER=male, SN=hemanth kumar, SID=23, CITYNAME=chicago, SALARY=19000000}, {GENDER=male, SN=naresh, SID=null, CITYNAME=null, SALARY=8500000}, {GENDER=female, SN=sujatha, SID=13, CITYNAME=hyderabad, SALARY=140000000}, {GENDER=male, SN=Uday, SID=28, CITYNAME=hindupoor, SALARY=5600000}, {GENDER=male, SN=pavan, SID=29, CITYNAME=ranga reddy nagar, SALARY=8500000}, {GENDER=male, SN=gangarajam, SID=4, CITYNAME=anthergaom, SALARY=2000000}, {GENDER=male, SN=madhu, SID=5, CITYNAME=hyderabad, SALARY=500000}, {GENDER=male, SN=anudeep, SID=10, CITYNAME=hyderabad, SALARY=120000}, {GENDER=male, SN=vamshi, SID=11, CITYNAME=hyderabad, SALARY=1600000}, {GENDER=male, SN=dinesh, SID=30, CITYNAME=kurnool, SALARY=25000000}, {GENDER=male, SN=krishana chiatanya, SID=6, CITYNAME=hyderaba, SALARY=7000000}, {GENDER=male, SN=babu, SID=21, CITYNAME=palakollu, SALARY=3000000}, {GENDER=male, SN=vijay son, SID=18, CITYNAME=hyderabad, SALARY=40000}, {GENDER=male, SN=vasudeva rao, SID=24, CITYNAME=noth carolina, SALARY=50000000}, {GENDER=female, SN=narsavva, SID=3, CITYNAME=anthergaom, SALARY=1000000}, {GENDER=male, SN=purshotham, SID=12, CITYNAME=hyderabad, SALARY=500000000}, {GENDER=male, SN=vijay, SID=14, CITYNAME=itikyal, SALARY=200000}, {GENDER=male, SN=srihari, SID=8, CITYNAME=london, SALARY=1100000}, {GENDER=femal, SN=choudary, SID=9, CITYNAME=hyderabad, SALARY=20000}, {GENDER=male, SN=revanth, SID=15, CITYNAME=illions, SALARY=7000000}, {GENDER=female, SN=meena, SID=78, CITYNAME=chennai, SALARY=140000000}, {GENDER=female, SN=deepika, SID=79, CITYNAME=thupran, SALARY=200000}, {GENDER=female, SN=jyothi, SID=87, CITYNAME=lingampet, SALARY=45035000}, {GENDER=female, SN=radhika, SID=88, CITYNAME=jagityal, SALARY=19000000}, {GENDER=female, SN=babitha, SID=90, CITYNAME=sydny, SALARY=25000000}, {GENDER=female, SN=priyanka, SID=69, CITYNAME=dulapally, SALARY=2000000}, {GENDER=female, SN=madhuri, SID=70, CITYNAME=bangalore, SALARY=500000}, {GENDER=female, SN=pavani, SID=72, CITYNAME=chintal, SALARY=900000}, {GENDER=female, SN=supriya, SID=73, CITYNAME=srnagar, SALARY=1100000}, {GENDER=male, SN=guna shekhar, SID=66, CITYNAME=amalapuram, SALARY=500000}, {GENDER=male, SN=rajashekhar, SID=67, CITYNAME=newyork, SALARY=600000}, {GENDER=female, SN=shailaja, SID=75, CITYNAME=nizambad, SALARY=120000}, {GENDER=female, SN=sandya, SID=76, CITYNAME=miyapur, SALARY=1600000}, {GENDER=female, SN=keethi, SID=77, CITYNAME=seethapamandi, SALARY=500000000}, {GENDER=female, SN=padmavathi, SID=81, CITYNAME=shapurnagar, SALARY=8000000}, {GENDER=female, SN=anusha, SID=82, CITYNAME=lingampally, SALARY=5000000}, {GENDER=female, SN=rajeshwari, SID=89, CITYNAME=norway, SALARY=50000000}, {GENDER=male, SN=anuradha, SID=71, CITYNAME=apuroopacolony, SALARY=7000000}, {GENDER=female, SN=neekitha, SID=80, CITYNAME=chintal, SALARY=7000000}, {GENDER=male, SN=vishnu, SID=68, CITYNAME=california, SALARY=1000000}, {GENDER=femal, SN=varsha, SID=74, CITYNAME=bownpally, SALARY=20000}, {GENDER=female, SN=yashoda, SID=83, CITYNAME=mothinagar, SALARY=40000}, {GENDER=male, SN=madava, SID=92, CITYNAME=tamilnadu, SALARY=125000000}, {GENDER=female, SN=maheshwari, SID=85, CITYNAME=karimnagar, SALARY=3000000}, {GENDER=male, SN=danush, SID=94, CITYNAME=south tamilnadu, SALARY=8500000}, {GENDER=female, SN=kavitha, SID=86, CITYNAME=bombay, SALARY=3000000}, {GENDER=female, SN=priyanka, SID=69, CITYNAME=dulapally, SALARY=2000000}, {GENDER=male, SN=rajashekhar, SID=67, CITYNAME=newyork, SALARY=600000}, {GENDER=male, SN=viya sethupath, SID=93, CITYNAME=north tamilnadu, SALARY=5600000}, {GENDER=male, SN=danush, SID=94, CITYNAME=south tamilnadu, SALARY=8500000}, {GENDER=not, SN=tv9, SID=100, CITYNAME=banjara, SALARY=500000}, {GENDER=not, SN=v6, SID=101, CITYNAME=juble hills, SALARY=600000}, {GENDER=male, SN=murali mohan, SID=19, CITYNAME=manikonda, SALARY=4000000}, {GENDER=male, SN=vinay, SID=20, CITYNAME=filmnagar, SALARY=3000000}, {GENDER=male, SN=suri, SID=22, CITYNAME=vijayawada, SALARY=45035000}, {GENDER=male, SN=hemanth kumar, SID=23, CITYNAME=chicago, SALARY=19000000}, {GENDER=male, SN=Uday, SID=28, CITYNAME=hindupoor, SALARY=5600000}, {GENDER=male, SN=pavan, SID=29, CITYNAME=ranga reddy nagar, SALARY=8500000}, {GENDER=male, SN=rajreddy, SID=16, CITYNAME=itikyal, SALARY=8000000}, {GENDER=female, SN=aruna, SID=17, CITYNAME=mutapelli, SALARY=5000000}, {GENDER=male, SN=shankar, SID=2, CITYNAME=anthergaom, SALARY=600000}, {GENDER=female, SN=narsavva, SID=3, CITYNAME=anthergaom, SALARY=1000000}, {GENDER=male, SN=raja shekhar, SID=25, CITYNAME=singapore, SALARY=25000000}, {GENDER=male, SN=laxman, SID=26, CITYNAME=netherlands, SALARY=98000000}, {GENDER=male, SN=gangarajam, SID=4, CITYNAME=anthergaom, SALARY=2000000}, {GENDER=male, SN=madhu, SID=5, CITYNAME=hyderabad, SALARY=500000}, {GENDER=female, SN=sujatha, SID=13, CITYNAME=hyderabad, SALARY=140000000}, {GENDER=male, SN=vijay, SID=14, CITYNAME=itikyal, SALARY=200000}, {GENDER=male, SN=naresh, SID=null, CITYNAME=null, SALARY=8500000}, {GENDER=female, SN=Gouri, SID=7, CITYNAME=hyderabad, SALARY=900000}, {GENDER=male, SN=shekhar, SID=1, CITYNAME=hyderabad, SALARY=500000}, {GENDER=male, SN=anudeep, SID=10, CITYNAME=hyderabad, SALARY=120000}, {GENDER=male, SN=babu, SID=21, CITYNAME=palakollu, SALARY=3000000}, {GENDER=male, SN=vasudeva rao, SID=24, CITYNAME=noth carolina, SALARY=50000000}, {GENDER=male, SN=vijay son, SID=18, CITYNAME=hyderabad, SALARY=40000}, {GENDER=male, SN=narshimma rao, SID=27, CITYNAME=new singapore, SALARY=125000000}, {GENDER=male, SN=revanth, SID=15, CITYNAME=illions, SALARY=7000000}, {GENDER=male, SN=krishana chiatanya, SID=6, CITYNAME=hyderaba, SALARY=7000000}, {GENDER=male, SN=dinesh, SID=30, CITYNAME=kurnool, SALARY=25000000}, {GENDER=male, SN=srihari, SID=8, CITYNAME=london, SALARY=1100000}, {GENDER=male, SN=vamshi, SID=11, CITYNAME=hyderabad, SALARY=1600000}, {GENDER=male, SN=purshotham, SID=12, CITYNAME=hyderabad, SALARY=500000000}, {GENDER=femal, SN=choudary, SID=9, CITYNAME=hyderabad, SALARY=20000}, {GENDER=male, SN=shekhar, SID=1, CITYNAME=hyderabad, SALARY=500000}, {GENDER=male, SN=shankar, SID=2, CITYNAME=anthergaom, SALARY=600000}, {GENDER=male, SN=raja shekhar, SID=25, CITYNAME=singapore, SALARY=25000000}, {GENDER=male, SN=laxman, SID=26, CITYNAME=netherlands, SALARY=98000000}, {GENDER=male, SN=Uday, SID=28, CITYNAME=hindupoor, SALARY=5600000}, {GENDER=male, SN=pavan, SID=29, CITYNAME=ranga reddy nagar, SALARY=8500000}, {GENDER=male, SN=suri, SID=22, CITYNAME=vijayawada, SALARY=45035000}, {GENDER=male, SN=hemanth kumar, SID=23, CITYNAME=chicago, SALARY=19000000}, {GENDER=female, SN=narsavva, SID=3, CITYNAME=anthergaom, SALARY=1000000}, {GENDER=male, SN=narshimma rao, SID=27, CITYNAME=new singapore, SALARY=125000000}, {GENDER=male, SN=murali mohan, SID=19, CITYNAME=manikonda, SALARY=4000000}, {GENDER=male, SN=vinay, SID=20, CITYNAME=filmnagar, SALARY=3000000}, {GENDER=male, SN=rajreddy, SID=16, CITYNAME=itikyal, SALARY=8000000}, {GENDER=female, SN=aruna, SID=17, CITYNAME=mutapelli, SALARY=5000000}, {GENDER=female, SN=sujatha, SID=13, CITYNAME=hyderabad, SALARY=140000000}, {GENDER=male, SN=vijay, SID=14, CITYNAME=itikyal, SALARY=200000}, {GENDER=male, SN=anudeep, SID=10, CITYNAME=hyderabad, SALARY=120000}, {GENDER=male, SN=vamshi, SID=11, CITYNAME=hyderabad, SALARY=1600000}, {GENDER=female, SN=Gouri, SID=7, CITYNAME=hyderabad, SALARY=900000}, {GENDER=male, SN=srihari, SID=8, CITYNAME=london, SALARY=1100000}, {GENDER=male, SN=dinesh, SID=30, CITYNAME=kurnool, SALARY=25000000}, {GENDER=male, SN=vasudeva rao, SID=24, CITYNAME=noth carolina, SALARY=50000000}, {GENDER=male, SN=naresh, SID=null, CITYNAME=null, SALARY=8500000}, {GENDER=male, SN=gangarajam, SID=4, CITYNAME=anthergaom, SALARY=2000000}, {GENDER=male, SN=babu, SID=21, CITYNAME=palakollu, SALARY=3000000}, {GENDER=male, SN=vijay son, SID=18, CITYNAME=hyderabad, SALARY=40000}, {GENDER=male, SN=revanth, SID=15, CITYNAME=illions, SALARY=7000000}, {GENDER=male, SN=purshotham, SID=12, CITYNAME=hyderabad, SALARY=500000000}, {GENDER=femal, SN=choudary, SID=9, CITYNAME=hyderabad, SALARY=20000}, {GENDER=male, SN=madhu, SID=5, CITYNAME=hyderabad, SALARY=500000}, {GENDER=male, SN=krishana chiatanya, SID=6, CITYNAME=hyderaba, SALARY=7000000}, {GENDER=male, SN=shekhar, SID=1, CITYNAME=hyderabad, SALARY=500000}, {GENDER=male, SN=shankar, SID=2, CITYNAME=anthergaom, SALARY=600000}, {GENDER=male, SN=naresh, SID=null, CITYNAME=null, SALARY=8500000}, {GENDER=male, SN=Uday, SID=28, CITYNAME=hindupoor, SALARY=5600000}, {GENDER=male, SN=raja shekhar, SID=25, CITYNAME=singapore, SALARY=25000000}, {GENDER=male, SN=laxman, SID=26, CITYNAME=netherlands, SALARY=98000000}, {GENDER=male, SN=suri, SID=22, CITYNAME=vijayawada, SALARY=45035000}, {GENDER=male, SN=hemanth kumar, SID=23, CITYNAME=chicago, SALARY=19000000}, {GENDER=male, SN=murali mohan, SID=19, CITYNAME=manikonda, SALARY=4000000}, {GENDER=male, SN=vinay, SID=20, CITYNAME=filmnagar, SALARY=3000000}, {GENDER=male, SN=vijay, SID=14, CITYNAME=itikyal, SALARY=200000}, {GENDER=male, SN=revanth, SID=15, CITYNAME=illions, SALARY=7000000}, {GENDER=female, SN=sujatha, SID=13, CITYNAME=hyderabad, SALARY=140000000}, {GENDER=male, SN=rajreddy, SID=16, CITYNAME=itikyal, SALARY=8000000}, {GENDER=male, SN=anudeep, SID=10, CITYNAME=hyderabad, SALARY=120000}, {GENDER=male, SN=vamshi, SID=11, CITYNAME=hyderabad, SALARY=1600000}, {GENDER=male, SN=madhu, SID=5, CITYNAME=hyderabad, SALARY=500000}, {GENDER=male, SN=krishana chiatanya, SID=6, CITYNAME=hyderaba, SALARY=7000000}, {GENDER=male, SN=gangarajam, SID=4, CITYNAME=anthergaom, SALARY=2000000}, {GENDER=female, SN=Gouri, SID=7, CITYNAME=hyderabad, SALARY=900000}, {GENDER=female, SN=narsavva, SID=3, CITYNAME=anthergaom, SALARY=1000000}, {GENDER=male, SN=narshimma rao, SID=27, CITYNAME=new singapore, SALARY=125000000}, {GENDER=male, SN=vasudeva rao, SID=24, CITYNAME=noth carolina, SALARY=50000000}, {GENDER=male, SN=pavan, SID=29, CITYNAME=ranga reddy nagar, SALARY=8500000}, {GENDER=male, SN=babu, SID=21, CITYNAME=palakollu, SALARY=3000000}, {GENDER=male, SN=purshotham, SID=12, CITYNAME=hyderabad, SALARY=500000000}, {GENDER=female, SN=aruna, SID=17, CITYNAME=mutapelli, SALARY=5000000}, {GENDER=male, SN=vijay son, SID=18, CITYNAME=hyderabad, SALARY=40000}, {GENDER=male, SN=srihari, SID=8, CITYNAME=london, SALARY=1100000}, {GENDER=femal, SN=choudary, SID=9, CITYNAME=hyderabad, SALARY=20000}, {GENDER=male, SN=dinesh, SID=30, CITYNAME=kurnool, SALARY=25000000}, {GENDER=male, SN=shekhar, SID=1, CITYNAME=hyderabad, SALARY=500000}, {GENDER=male, SN=shankar, SID=2, CITYNAME=anthergaom, SALARY=600000}, {GENDER=male, SN=Uday, SID=28, CITYNAME=hindupoor, SALARY=5600000}, {GENDER=male, SN=pavan, SID=29, CITYNAME=ranga reddy nagar, SALARY=8500000}, {GENDER=male, SN=raja shekhar, SID=25, CITYNAME=singapore, SALARY=25000000}, {GENDER=male, SN=laxman, SID=26, CITYNAME=netherlands, SALARY=98000000}, {GENDER=male, SN=suri, SID=22, CITYNAME=vijayawada, SALARY=45035000}, {GENDER=male, SN=hemanth kumar, SID=23, CITYNAME=chicago, SALARY=19000000}, {GENDER=male, SN=murali mohan, SID=19, CITYNAME=manikonda, SALARY=4000000}, {GENDER=male, SN=vinay, SID=20, CITYNAME=filmnagar, SALARY=3000000}, {GENDER=male, SN=rajreddy, SID=16, CITYNAME=itikyal, SALARY=8000000}, {GENDER=female, SN=aruna, SID=17, CITYNAME=mutapelli, SALARY=5000000}, {GENDER=female, SN=sujatha, SID=13, CITYNAME=hyderabad, SALARY=140000000}, {GENDER=male, SN=vijay, SID=14, CITYNAME=itikyal, SALARY=200000}, {GENDER=male, SN=anudeep, SID=10, CITYNAME=hyderabad, SALARY=120000}, {GENDER=male, SN=vamshi, SID=11, CITYNAME=hyderabad, SALARY=1600000}, {GENDER=female, SN=Gouri, SID=7, CITYNAME=hyderabad, SALARY=900000}, {GENDER=male, SN=srihari, SID=8, CITYNAME=london, SALARY=1100000}, {GENDER=male, SN=gangarajam, SID=4, CITYNAME=anthergaom, SALARY=2000000}, {GENDER=male, SN=madhu, SID=5, CITYNAME=hyderabad, SALARY=500000}, {GENDER=male, SN=dinesh, SID=30, CITYNAME=kurnool, SALARY=25000000}, {GENDER=male, SN=narshimma rao, SID=27, CITYNAME=new singapore, SALARY=125000000}, {GENDER=male, SN=naresh, SID=null, CITYNAME=null, SALARY=8500000}, {GENDER=female, SN=narsavva, SID=3, CITYNAME=anthergaom, SALARY=1000000}, {GENDER=male, SN=vasudeva rao, SID=24, CITYNAME=noth carolina, SALARY=50000000}, {GENDER=male, SN=babu, SID=21, CITYNAME=palakollu, SALARY=3000000}, {GENDER=male, SN=vijay son, SID=18, CITYNAME=hyderabad, SALARY=40000}, {GENDER=male, SN=revanth, SID=15, CITYNAME=illions, SALARY=7000000}, {GENDER=male, SN=purshotham, SID=12, CITYNAME=hyderabad, SALARY=500000000}, {GENDER=femal, SN=choudary, SID=9, CITYNAME=hyderabad, SALARY=20000}, {GENDER=male, SN=krishana chiatanya, SID=6, CITYNAME=hyderaba, SALARY=7000000}, {GENDER=male, SN=ntv, SID=103, CITYNAME=filmnagar, SALARY=500000}, {GENDER=male, SN=tv5, SID=104, CITYNAME=anthergaom, SALARY=600000}, {GENDER=male, SN=athadu, SID=105, CITYNAME=godavari, SALARY=500000}, {GENDER=male, SN=nenu, SID=106, CITYNAME=vaizag, SALARY=600000}, {GENDER=male, SN=elonMusk, SID=110, CITYNAME=canada, SALARY=2000000}, {GENDER=male, SN=ndtv, SID=107, CITYNAME=delhi, SALARY=500000}, {GENDER=male, SN=this morning, SID=108, CITYNAME=london, SALARY=600000}, {GENDER=male, SN=ellenKids, SID=109, CITYNAME=conectcut, SALARY=1000000}, {GENDER=null, SN=null, SID=null, CITYNAME=null, SALARY=null}, {GENDER=null, SN=null, SID=null, CITYNAME=null, SALARY=null}, {GENDER=null, SN=null, SID=null, CITYNAME=null, SALARY=null}, {GENDER=null, SN=null, SID=null, CITYNAME=null, SALARY=null}, {GENDER=null, SN=null, SID=null, CITYNAME=null, SALARY=null}, {GENDER=null, SN=null, SID=null, CITYNAME=null, SALARY=null}, {GENDER=null, SN=null, SID=null, CITYNAME=null, SALARY=null}, {GENDER=null, SN=null, SID=null, CITYNAME=null, SALARY=null}, {GENDER=null, SN=null, SID=null, CITYNAME=null, SALARY=null}, {GENDER=null, SN=null, SID=null, CITYNAME=null, SALARY=null}, {GENDER=null, SN=null, SID=null, CITYNAME=null, SALARY=null}, {GENDER=null, SN=null, SID=null, CITYNAME=null, SALARY=null}, {GENDER=null, SN=null, SID=null, CITYNAME=null, SALARY=null}, {GENDER=null, SN=null, SID=null, CITYNAME=null, SALARY=null}, {GENDER=null, SN=null, SID=null, CITYNAME=null, SALARY=null}, {GENDER=Female, SN=Kiesza, SID=200, CITYNAME=Canda, SALARY=25000000}]
