2020-05-26 14:58:37,665 [main] INFO  org.mule.module.launcher.application.DefaultMuleApplication - 
++++++++++++++++++++++++++++++++++++++++++++++++++++++++++++
+ Initializing app 'messagechunkspliter'                   +
++++++++++++++++++++++++++++++++++++++++++++++++++++++++++++
2020-05-26 14:58:38,102 [main] INFO  org.mule.util.JdkVersionUtils - You're executing with a JDK made by a vendor that is not on the recommended list of vendors. Vendor: AdoptOpenJDK Please consider changing to a recommended JDK vendor.
2020-05-26 14:58:38,114 [main] INFO  org.mule.lifecycle.AbstractLifecycleManager - Initialising RegistryBroker
2020-05-26 14:58:38,297 [main] INFO  org.mule.module.extension.internal.manager.DefaultExtensionManager - Starting discovery of extensions
2020-05-26 14:58:38,452 [main] INFO  org.mule.module.extension.internal.manager.DefaultExtensionManager - Discovered 1 extensions
2020-05-26 14:58:38,452 [main] INFO  org.mule.module.extension.internal.manager.DefaultExtensionManager - Registering extension validation (version 3.9)
2020-05-26 14:58:38,747 [main] INFO  org.mule.config.spring.MuleArtifactContext - Refreshing org.mule.config.spring.MuleArtifactContext@d78795: startup date [Tue May 26 14:58:38 IST 2020]; root of context hierarchy
2020-05-26 14:58:40,600 [main] INFO  org.mule.config.spring.processors.NoDevkitInjectorProcessor - JSR-330 'javax.inject.Inject' annotation found and supported for autowiring
2020-05-26 14:58:42,042 [main] WARN  org.mule.module.ognl.expression.OgnlExpressionEvaluator - OGNL module is deprecated and will be removed in Mule 4.0. Use MEL expressions instead.
2020-05-26 14:58:42,514 [main] INFO  org.mule.util.journal.TransactionJournal - Using files for tx logs F:\R language & git\MulesoftSourceCode\.mule\.\.mule\messagechunkspliter\queue-tx-log\tx1.log and F:\R language & git\MulesoftSourceCode\.mule\.\.mule\messagechunkspliter\queue-tx-log\tx2.log
2020-05-26 14:58:42,571 [main] INFO  org.mule.util.journal.TransactionJournal - Using files for tx logs F:\R language & git\MulesoftSourceCode\.mule\.\.mule\messagechunkspliter\queue-xa-tx-log\tx1.log and F:\R language & git\MulesoftSourceCode\.mule\.\.mule\messagechunkspliter\queue-xa-tx-log\tx2.log
2020-05-26 14:58:42,580 [main] INFO  org.mule.lifecycle.AbstractLifecycleManager - Initialising connector: connector.file.mule.default
2020-05-26 14:58:42,994 [main] INFO  org.mule.lifecycle.AbstractLifecycleManager - Initialising model: _muleSystemModel
2020-05-26 14:58:42,996 [main] INFO  org.mule.construct.FlowConstructLifecycleManager - Initialising flow: messagechunksplitterFlow
2020-05-26 14:58:42,996 [main] INFO  org.mule.exception.DefaultMessagingExceptionStrategy - Initialising exception listener: org.mule.exception.DefaultMessagingExceptionStrategy@3ba3d4b6
2020-05-26 14:58:43,043 [main] INFO  org.mule.processor.SedaStageLifecycleManager - Initialising service: messagechunksplitterFlow.stage1
2020-05-26 14:58:43,466 [main] INFO  org.mule.config.spring.SpringXmlConfigurationBuilder - Configured Mule using "org.mule.config.spring.SpringXmlConfigurationBuilder" with configuration resource(s): "[ConfigResource{resourceName='F:\R language & git\MulesoftSourceCode\.mule\apps\messagechunkspliter\messagechunkspliter.xml'}]"
2020-05-26 14:58:43,466 [main] INFO  org.mule.config.builders.AutoConfigurationBuilder - Configured Mule using "org.mule.config.builders.AutoConfigurationBuilder" with configuration resource(s): "[ConfigResource{resourceName='F:\R language & git\MulesoftSourceCode\.mule\apps\messagechunkspliter\messagechunkspliter.xml'}]"
2020-05-26 14:58:43,480 [main] INFO  com.mulesoft.module.policies.lifecyle.GateKeeper - GateKeeper Mode: DISABLED
2020-05-26 14:58:43,481 [main] INFO  org.mule.module.launcher.application.DefaultMuleApplication - 
++++++++++++++++++++++++++++++++++++++++++++++++++++++++++++
+ Starting app 'messagechunkspliter'                       +
++++++++++++++++++++++++++++++++++++++++++++++++++++++++++++
2020-05-26 14:58:43,528 [main] INFO  org.mule.util.queue.QueueXaResourceManager - Starting ResourceManager
2020-05-26 14:58:43,528 [main] INFO  org.mule.util.queue.QueueXaResourceManager - Started ResourceManager
2020-05-26 14:58:43,593 [main] INFO  org.mule.module.http.internal.listener.DefaultHttpListenerConfig - Listening for requests on http://0.0.0.0:8081/mcs
2020-05-26 14:58:43,594 [main] INFO  org.mule.transport.file.FileConnector - Connected: FileConnector
{
  name=connector.file.mule.default
  lifecycle=initialise
  this=56476c16
  numberOfConcurrentTransactedReceivers=4
  createMultipleTransactedReceivers=true
  connected=true
  supportedProtocols=[file]
  serviceOverrides=<none>
}

2020-05-26 14:58:43,594 [main] INFO  org.mule.transport.file.FileConnector - Starting: FileConnector
{
  name=connector.file.mule.default
  lifecycle=initialise
  this=56476c16
  numberOfConcurrentTransactedReceivers=4
  createMultipleTransactedReceivers=true
  connected=true
  supportedProtocols=[file]
  serviceOverrides=<none>
}

2020-05-26 14:58:43,597 [main] INFO  org.mule.lifecycle.AbstractLifecycleManager - Starting connector: connector.file.mule.default
2020-05-26 14:58:43,603 [main] INFO  org.mule.lifecycle.AbstractLifecycleManager - Starting model: _muleSystemModel
2020-05-26 14:58:43,607 [main] INFO  org.mule.construct.FlowConstructLifecycleManager - Starting flow: messagechunksplitterFlow
2020-05-26 14:58:43,608 [main] INFO  org.mule.processor.SedaStageLifecycleManager - Starting service: messagechunksplitterFlow.stage1
2020-05-26 14:58:43,657 [main] INFO  org.mule.module.management.agent.WrapperManagerAgent - This JVM hasn't been launched by the wrapper, the agent will not run.
2020-05-26 14:58:43,691 [main] INFO  org.mule.module.management.agent.AbstractJmxAgent - Registered Connector Service with name Mule.messagechunkspliter:type=Connector,name="connector.file.mule.default"
2020-05-26 14:58:43,695 [main] INFO  org.mule.DefaultMuleContext - 
**********************************************************************
* Application: messagechunkspliter                                   *
* OS encoding: \, Mule encoding: UTF-8                               *
*                                                                    *
* Agents Running:                                                    *
*   JMX Agent                                                        *
*   Batch module default engine                                      *
*   Wrapper Manager                                                  *
**********************************************************************
2020-05-26 15:00:02,167 [[messagechunkspliter].HTTP_Listener_Configuration.worker.01] INFO  org.mule.api.processor.LoggerMessageProcessor - *************
2020-05-26 15:00:02,230 [[messagechunkspliter].HTTP_Listener_Configuration.worker.01] INFO  org.mule.lifecycle.AbstractLifecycleManager - Initialising: 'connector.file.mule.default.dispatcher.1439368110'. Object is: FileMessageDispatcher
2020-05-26 15:00:02,239 [[messagechunkspliter].HTTP_Listener_Configuration.worker.01] INFO  org.mule.lifecycle.AbstractLifecycleManager - Starting: 'connector.file.mule.default.dispatcher.1439368110'. Object is: FileMessageDispatcher
2020-05-26 15:00:02,249 [[messagechunkspliter].HTTP_Listener_Configuration.worker.01] INFO  org.mule.transport.file.FileConnector - Writing file to: E:\Madan\OUT-FILE\79b7d260-9f33-11ea-ab6b-f828198890b5.dat
2020-05-26 15:00:02,357 [[messagechunkspliter].HTTP_Listener_Configuration.worker.01] INFO  org.mule.transport.file.FileConnector - Writing file to: E:\Madan\OUT-FILE\79c53fe0-9f33-11ea-ab6b-f828198890b5.dat
2020-05-26 15:00:02,364 [[messagechunkspliter].HTTP_Listener_Configuration.worker.01] INFO  org.mule.transport.file.FileConnector - Writing file to: E:\Madan\OUT-FILE\79c9acb0-9f33-11ea-ab6b-f828198890b5.dat
2020-05-26 15:00:02,416 [[messagechunkspliter].HTTP_Listener_Configuration.worker.01] INFO  org.mule.transport.file.FileConnector - Writing file to: E:\Madan\OUT-FILE\79cf2af0-9f33-11ea-ab6b-f828198890b5.dat
2020-05-26 15:01:23,912 [Mule.app.deployer.monitor.1.thread.1] INFO  org.mule.module.launcher.application.DefaultMuleApplication - 
++++++++++++++++++++++++++++++++++++++++++++++++++++++++++++
+ Stopping app 'messagechunkspliter'                       +
++++++++++++++++++++++++++++++++++++++++++++++++++++++++++++
2020-05-26 15:01:23,914 [Mule.app.deployer.monitor.1.thread.1] INFO  org.mule.construct.FlowConstructLifecycleManager - Stopping flow: messagechunksplitterFlow
2020-05-26 15:01:23,915 [Mule.app.deployer.monitor.1.thread.1] INFO  org.mule.processor.SedaStageLifecycleManager - Stopping service: messagechunksplitterFlow.stage1
2020-05-26 15:01:24,022 [Mule.app.deployer.monitor.1.thread.1] INFO  org.mule.routing.correlation.EventCorrelator - Stopping event correlator: [messagechunkspliter].messagechunksplitterFlow.event.correlator
2020-05-26 15:01:24,034 [Mule.app.deployer.monitor.1.thread.1] INFO  org.mule.lifecycle.AbstractLifecycleManager - Stopping model: _muleSystemModel
2020-05-26 15:01:24,074 [Mule.app.deployer.monitor.1.thread.1] INFO  org.mule.lifecycle.AbstractLifecycleManager - Stopping connector: connector.file.mule.default
2020-05-26 15:01:24,085 [Mule.app.deployer.monitor.1.thread.1] INFO  org.mule.lifecycle.AbstractLifecycleManager - Stopping: 'connector.file.mule.default.dispatcher.1439368110'. Object is: FileMessageDispatcher
2020-05-26 15:01:24,086 [Mule.app.deployer.monitor.1.thread.1] INFO  org.mule.lifecycle.AbstractLifecycleManager - Disposing: 'connector.file.mule.default.dispatcher.1439368110'. Object is: FileMessageDispatcher
2020-05-26 15:01:24,102 [Mule.app.deployer.monitor.1.thread.1] INFO  org.mule.module.http.internal.listener.DefaultHttpListenerConfig - Stopped listener on http://0.0.0.0:8081/mcs
2020-05-26 15:01:24,108 [Mule.app.deployer.monitor.1.thread.1] INFO  org.mule.util.queue.QueueXaResourceManager - Stopping ResourceManager
2020-05-26 15:01:24,108 [Mule.app.deployer.monitor.1.thread.1] INFO  org.mule.util.queue.QueueXaResourceManager - Stopped ResourceManager
2020-05-26 15:01:24,126 [Mule.app.deployer.monitor.1.thread.1] INFO  org.mule.module.launcher.application.DefaultMuleApplication - 
++++++++++++++++++++++++++++++++++++++++++++++++++++++++++++
+ Disposing app 'messagechunkspliter'                      +
++++++++++++++++++++++++++++++++++++++++++++++++++++++++++++
2020-05-26 15:01:24,129 [Mule.app.deployer.monitor.1.thread.1] INFO  org.mule.lifecycle.AbstractLifecycleManager - Disposing RegistryBroker
2020-05-26 15:01:24,131 [Mule.app.deployer.monitor.1.thread.1] INFO  org.mule.construct.FlowConstructLifecycleManager - Disposing flow: messagechunksplitterFlow
2020-05-26 15:01:24,132 [Mule.app.deployer.monitor.1.thread.1] INFO  org.mule.processor.SedaStageLifecycleManager - Disposing service: messagechunksplitterFlow.stage1
2020-05-26 15:01:24,138 [Mule.app.deployer.monitor.1.thread.1] INFO  org.mule.lifecycle.AbstractLifecycleManager - Disposing model: _muleSystemModel
2020-05-26 15:01:24,140 [Mule.app.deployer.monitor.1.thread.1] INFO  org.mule.transport.file.FileConnector - Disconnected: FileConnector
{
  name=connector.file.mule.default
  lifecycle=stop
  this=56476c16
  numberOfConcurrentTransactedReceivers=4
  createMultipleTransactedReceivers=true
  connected=true
  supportedProtocols=[file]
  serviceOverrides=<none>
}

2020-05-26 15:01:24,141 [Mule.app.deployer.monitor.1.thread.1] INFO  org.mule.lifecycle.AbstractLifecycleManager - Disposing connector: connector.file.mule.default
2020-05-26 15:01:24,305 [Mule.app.deployer.monitor.1.thread.1] INFO  org.mule.config.spring.MuleArtifactContext - Closing org.mule.config.spring.MuleArtifactContext@d78795: startup date [Tue May 26 14:58:38 IST 2020]; root of context hierarchy
2020-05-26 15:01:24,322 [Mule.app.deployer.monitor.1.thread.1] INFO  org.mule.DefaultMuleContext - 
**********************************************************************
* Application "messagechunkspliter" shut down normally on: 26/5/20   *
* 3:01 PM                                                            *
* Up for: 0 days, 0 hours, 2 mins, 40.838 sec                        *
**********************************************************************
2020-05-26 15:01:24,474 [Mule.app.deployer.monitor.1.thread.1] INFO  org.mule.module.launcher.application.DefaultMuleApplication - 
++++++++++++++++++++++++++++++++++++++++++++++++++++++++++++
+ Initializing app 'messagechunkspliter'                   +
++++++++++++++++++++++++++++++++++++++++++++++++++++++++++++
2020-05-26 15:01:24,482 [Mule.app.deployer.monitor.1.thread.1] INFO  org.mule.util.JdkVersionUtils - You're executing with a JDK made by a vendor that is not on the recommended list of vendors. Vendor: AdoptOpenJDK Please consider changing to a recommended JDK vendor.
2020-05-26 15:01:24,487 [Mule.app.deployer.monitor.1.thread.1] INFO  org.mule.lifecycle.AbstractLifecycleManager - Initialising RegistryBroker
2020-05-26 15:01:24,493 [Mule.app.deployer.monitor.1.thread.1] INFO  org.mule.module.extension.internal.manager.DefaultExtensionManager - Starting discovery of extensions
2020-05-26 15:01:24,513 [Mule.app.deployer.monitor.1.thread.1] INFO  org.mule.module.extension.internal.manager.DefaultExtensionManager - Discovered 1 extensions
2020-05-26 15:01:24,513 [Mule.app.deployer.monitor.1.thread.1] INFO  org.mule.module.extension.internal.manager.DefaultExtensionManager - Registering extension validation (version 3.9)
2020-05-26 15:01:24,516 [Mule.app.deployer.monitor.1.thread.1] INFO  org.mule.config.spring.MuleArtifactContext - Refreshing org.mule.config.spring.MuleArtifactContext@7ab28cb1: startup date [Tue May 26 15:01:24 IST 2020]; root of context hierarchy
2020-05-26 15:01:24,934 [Mule.app.deployer.monitor.1.thread.1] INFO  org.mule.config.spring.processors.NoDevkitInjectorProcessor - JSR-330 'javax.inject.Inject' annotation found and supported for autowiring
2020-05-26 15:01:25,196 [Mule.app.deployer.monitor.1.thread.1] INFO  org.mule.util.journal.TransactionJournal - Using files for tx logs F:\R language & git\MulesoftSourceCode\.mule\.\.mule\messagechunkspliter\queue-tx-log\tx1.log and F:\R language & git\MulesoftSourceCode\.mule\.\.mule\messagechunkspliter\queue-tx-log\tx2.log
2020-05-26 15:01:25,199 [Mule.app.deployer.monitor.1.thread.1] INFO  org.mule.util.journal.TransactionJournal - Using files for tx logs F:\R language & git\MulesoftSourceCode\.mule\.\.mule\messagechunkspliter\queue-xa-tx-log\tx1.log and F:\R language & git\MulesoftSourceCode\.mule\.\.mule\messagechunkspliter\queue-xa-tx-log\tx2.log
2020-05-26 15:01:25,202 [Mule.app.deployer.monitor.1.thread.1] INFO  org.mule.lifecycle.AbstractLifecycleManager - Initialising connector: connector.file.mule.default
2020-05-26 15:01:25,229 [Mule.app.deployer.monitor.1.thread.1] INFO  org.mule.lifecycle.AbstractLifecycleManager - Initialising model: _muleSystemModel
2020-05-26 15:01:25,232 [Mule.app.deployer.monitor.1.thread.1] INFO  org.mule.construct.FlowConstructLifecycleManager - Initialising flow: messagechunksplitterFlow
2020-05-26 15:01:25,232 [Mule.app.deployer.monitor.1.thread.1] INFO  org.mule.exception.DefaultMessagingExceptionStrategy - Initialising exception listener: org.mule.exception.DefaultMessagingExceptionStrategy@62a32c75
2020-05-26 15:01:25,239 [Mule.app.deployer.monitor.1.thread.1] INFO  org.mule.processor.SedaStageLifecycleManager - Initialising service: messagechunksplitterFlow.stage1
2020-05-26 15:01:25,283 [Mule.app.deployer.monitor.1.thread.1] INFO  org.mule.config.spring.SpringXmlConfigurationBuilder - Configured Mule using "org.mule.config.spring.SpringXmlConfigurationBuilder" with configuration resource(s): "[ConfigResource{resourceName='F:\R language & git\MulesoftSourceCode\.mule\apps\messagechunkspliter\messagechunkspliter.xml'}]"
2020-05-26 15:01:25,283 [Mule.app.deployer.monitor.1.thread.1] INFO  org.mule.config.builders.AutoConfigurationBuilder - Configured Mule using "org.mule.config.builders.AutoConfigurationBuilder" with configuration resource(s): "[ConfigResource{resourceName='F:\R language & git\MulesoftSourceCode\.mule\apps\messagechunkspliter\messagechunkspliter.xml'}]"
2020-05-26 15:01:25,285 [Mule.app.deployer.monitor.1.thread.1] INFO  org.mule.module.launcher.application.DefaultMuleApplication - 
++++++++++++++++++++++++++++++++++++++++++++++++++++++++++++
+ Starting app 'messagechunkspliter'                       +
++++++++++++++++++++++++++++++++++++++++++++++++++++++++++++
2020-05-26 15:01:25,290 [Mule.app.deployer.monitor.1.thread.1] INFO  org.mule.util.queue.QueueXaResourceManager - Starting ResourceManager
2020-05-26 15:01:25,291 [Mule.app.deployer.monitor.1.thread.1] INFO  org.mule.util.queue.QueueXaResourceManager - Started ResourceManager
2020-05-26 15:01:25,311 [Mule.app.deployer.monitor.1.thread.1] INFO  org.mule.module.http.internal.listener.DefaultHttpListenerConfig - Listening for requests on http://0.0.0.0:8081/mcs
2020-05-26 15:01:25,323 [Mule.app.deployer.monitor.1.thread.1] INFO  org.mule.transport.file.FileConnector - Connected: FileConnector
{
  name=connector.file.mule.default
  lifecycle=initialise
  this=6193b8d3
  numberOfConcurrentTransactedReceivers=4
  createMultipleTransactedReceivers=true
  connected=true
  supportedProtocols=[file]
  serviceOverrides=<none>
}

2020-05-26 15:01:25,326 [Mule.app.deployer.monitor.1.thread.1] INFO  org.mule.transport.file.FileConnector - Starting: FileConnector
{
  name=connector.file.mule.default
  lifecycle=initialise
  this=6193b8d3
  numberOfConcurrentTransactedReceivers=4
  createMultipleTransactedReceivers=true
  connected=true
  supportedProtocols=[file]
  serviceOverrides=<none>
}

2020-05-26 15:01:25,340 [Mule.app.deployer.monitor.1.thread.1] INFO  org.mule.lifecycle.AbstractLifecycleManager - Starting connector: connector.file.mule.default
2020-05-26 15:01:25,375 [Mule.app.deployer.monitor.1.thread.1] INFO  org.mule.lifecycle.AbstractLifecycleManager - Starting model: _muleSystemModel
2020-05-26 15:01:25,377 [Mule.app.deployer.monitor.1.thread.1] INFO  org.mule.construct.FlowConstructLifecycleManager - Starting flow: messagechunksplitterFlow
2020-05-26 15:01:25,377 [Mule.app.deployer.monitor.1.thread.1] INFO  org.mule.processor.SedaStageLifecycleManager - Starting service: messagechunksplitterFlow.stage1
2020-05-26 15:01:25,401 [Mule.app.deployer.monitor.1.thread.1] INFO  org.mule.module.management.agent.WrapperManagerAgent - This JVM hasn't been launched by the wrapper, the agent will not run.
2020-05-26 15:01:25,408 [Mule.app.deployer.monitor.1.thread.1] INFO  org.mule.module.management.agent.AbstractJmxAgent - Registered Connector Service with name Mule.messagechunkspliter:type=Connector,name="connector.file.mule.default"
2020-05-26 15:01:25,412 [Mule.app.deployer.monitor.1.thread.1] INFO  org.mule.DefaultMuleContext - 
**********************************************************************
* Application: messagechunkspliter                                   *
* OS encoding: \, Mule encoding: UTF-8                               *
*                                                                    *
* Agents Running:                                                    *
*   JMX Agent                                                        *
*   Batch module default engine                                      *
*   Wrapper Manager                                                  *
**********************************************************************
2020-05-26 15:01:47,410 [[messagechunkspliter].HTTP_Listener_Configuration.worker.01] INFO  org.mule.api.processor.LoggerMessageProcessor - *************
2020-05-26 15:01:47,442 [[messagechunkspliter].HTTP_Listener_Configuration.worker.01] INFO  org.mule.lifecycle.AbstractLifecycleManager - Initialising: 'connector.file.mule.default.dispatcher.2068536412'. Object is: FileMessageDispatcher
2020-05-26 15:01:47,456 [[messagechunkspliter].HTTP_Listener_Configuration.worker.01] INFO  org.mule.lifecycle.AbstractLifecycleManager - Starting: 'connector.file.mule.default.dispatcher.2068536412'. Object is: FileMessageDispatcher
2020-05-26 15:01:47,458 [[messagechunkspliter].HTTP_Listener_Configuration.worker.01] INFO  org.mule.transport.file.FileConnector - Writing file to: E:\Madan\OUT-FILE\b86d9800-9f33-11ea-ab6b-f828198890b5.dat
2020-05-26 15:01:47,489 [[messagechunkspliter].HTTP_Listener_Configuration.worker.01] INFO  org.mule.transport.file.FileConnector - Writing file to: E:\Madan\OUT-FILE\b8727a00-9f33-11ea-ab6b-f828198890b5.dat
2020-05-26 15:01:47,494 [[messagechunkspliter].HTTP_Listener_Configuration.worker.01] INFO  org.mule.transport.file.FileConnector - Writing file to: E:\Madan\OUT-FILE\b8736460-9f33-11ea-ab6b-f828198890b5.dat
2020-05-26 15:01:47,502 [[messagechunkspliter].HTTP_Listener_Configuration.worker.01] INFO  org.mule.lifecycle.AbstractLifecycleManager - Initialising: 'connector.file.mule.default.dispatcher.1340491385'. Object is: FileMessageDispatcher
2020-05-26 15:01:47,502 [[messagechunkspliter].HTTP_Listener_Configuration.worker.01] INFO  org.mule.lifecycle.AbstractLifecycleManager - Starting: 'connector.file.mule.default.dispatcher.1340491385'. Object is: FileMessageDispatcher
2020-05-26 15:01:47,506 [[messagechunkspliter].HTTP_Listener_Configuration.worker.01] INFO  org.mule.transport.file.FileConnector - Writing file to: E:\Madan\OUT-FILE\h
