2020-05-23 20:23:03,797 [main] INFO  org.mule.module.launcher.application.DefaultMuleApplication - 
++++++++++++++++++++++++++++++++++++++++++++++++++++++++++++
+ Initializing app 'message2enricher'                      +
++++++++++++++++++++++++++++++++++++++++++++++++++++++++++++
2020-05-23 20:23:04,197 [main] INFO  org.mule.util.JdkVersionUtils - You're executing with a JDK made by a vendor that is not on the recommended list of vendors. Vendor: AdoptOpenJDK Please consider changing to a recommended JDK vendor.
2020-05-23 20:23:04,223 [main] INFO  org.mule.lifecycle.AbstractLifecycleManager - Initialising RegistryBroker
2020-05-23 20:23:04,415 [main] INFO  org.mule.module.extension.internal.manager.DefaultExtensionManager - Starting discovery of extensions
2020-05-23 20:23:04,578 [main] INFO  org.mule.module.extension.internal.manager.DefaultExtensionManager - Discovered 1 extensions
2020-05-23 20:23:04,578 [main] INFO  org.mule.module.extension.internal.manager.DefaultExtensionManager - Registering extension validation (version 3.9)
2020-05-23 20:23:04,874 [main] INFO  org.mule.config.spring.MuleArtifactContext - Refreshing org.mule.config.spring.MuleArtifactContext@72b16078: startup date [Sat May 23 20:23:04 IST 2020]; root of context hierarchy
2020-05-23 20:23:06,767 [main] INFO  org.mule.config.spring.processors.NoDevkitInjectorProcessor - JSR-330 'javax.inject.Inject' annotation found and supported for autowiring
2020-05-23 20:23:08,150 [main] WARN  org.mule.module.ognl.expression.OgnlExpressionEvaluator - OGNL module is deprecated and will be removed in Mule 4.0. Use MEL expressions instead.
2020-05-23 20:23:08,844 [main] INFO  org.mule.util.journal.TransactionJournal - Using files for tx logs F:\R language & git\MulesoftSourceCode\.mule\.\.mule\message2enricher\queue-tx-log\tx1.log and F:\R language & git\MulesoftSourceCode\.mule\.\.mule\message2enricher\queue-tx-log\tx2.log
2020-05-23 20:23:08,879 [main] INFO  org.mule.util.journal.TransactionJournal - Using files for tx logs F:\R language & git\MulesoftSourceCode\.mule\.\.mule\message2enricher\queue-xa-tx-log\tx1.log and F:\R language & git\MulesoftSourceCode\.mule\.\.mule\message2enricher\queue-xa-tx-log\tx2.log
2020-05-23 20:23:09,021 [main] INFO  org.mule.lifecycle.AbstractLifecycleManager - Initialising model: _muleSystemModel
2020-05-23 20:23:09,022 [main] INFO  org.mule.construct.FlowConstructLifecycleManager - Initialising flow: message-eFlow
2020-05-23 20:23:09,022 [main] INFO  org.mule.exception.DefaultMessagingExceptionStrategy - Initialising exception listener: org.mule.exception.DefaultMessagingExceptionStrategy@78d9f51b
2020-05-23 20:23:09,070 [main] INFO  org.mule.processor.SedaStageLifecycleManager - Initialising service: message-eFlow.stage1
2020-05-23 20:23:09,434 [main] INFO  org.mule.config.spring.SpringXmlConfigurationBuilder - Configured Mule using "org.mule.config.spring.SpringXmlConfigurationBuilder" with configuration resource(s): "[ConfigResource{resourceName='F:\R language & git\MulesoftSourceCode\.mule\apps\message2enricher\message2enricher.xml'}]"
2020-05-23 20:23:09,434 [main] INFO  org.mule.config.builders.AutoConfigurationBuilder - Configured Mule using "org.mule.config.builders.AutoConfigurationBuilder" with configuration resource(s): "[ConfigResource{resourceName='F:\R language & git\MulesoftSourceCode\.mule\apps\message2enricher\message2enricher.xml'}]"
2020-05-23 20:23:09,442 [main] INFO  com.mulesoft.module.policies.lifecyle.GateKeeper - GateKeeper Mode: DISABLED
2020-05-23 20:23:09,442 [main] INFO  org.mule.module.launcher.application.DefaultMuleApplication - 
++++++++++++++++++++++++++++++++++++++++++++++++++++++++++++
+ Starting app 'message2enricher'                          +
++++++++++++++++++++++++++++++++++++++++++++++++++++++++++++
2020-05-23 20:23:09,502 [main] INFO  org.mule.util.queue.QueueXaResourceManager - Starting ResourceManager
2020-05-23 20:23:09,502 [main] INFO  org.mule.util.queue.QueueXaResourceManager - Started ResourceManager
2020-05-23 20:23:09,574 [main] INFO  org.mule.module.http.internal.listener.DefaultHttpListenerConfig - Listening for requests on http://0.0.0.0:8081/mc2
2020-05-23 20:23:09,575 [main] INFO  org.mule.lifecycle.AbstractLifecycleManager - Starting model: _muleSystemModel
2020-05-23 20:23:09,575 [main] INFO  org.mule.construct.FlowConstructLifecycleManager - Starting flow: message-eFlow
2020-05-23 20:23:09,575 [main] INFO  org.mule.processor.SedaStageLifecycleManager - Starting service: message-eFlow.stage1
2020-05-23 20:23:09,645 [main] INFO  org.mule.module.management.agent.WrapperManagerAgent - This JVM hasn't been launched by the wrapper, the agent will not run.
2020-05-23 20:23:09,680 [main] INFO  org.mule.DefaultMuleContext - 
**********************************************************************
* Application: message2enricher                                      *
* OS encoding: \, Mule encoding: UTF-8                               *
*                                                                    *
* Agents Running:                                                    *
*   JMX Agent                                                        *
*   Batch module default engine                                      *
*   Wrapper Manager                                                  *
**********************************************************************
2020-05-23 20:23:50,955 [[message2enricher].HTTP_Listener_Configuration.worker.01] INFO  org.mule.api.processor.LoggerMessageProcessor - ***********[{
		"NAME": "dua lips",
		"ID": "006",
		"PLACE": "london",
		"MARITAL_STATUS": "Unmarried",
		"EDUCATION": "school"
	
	},
	{
		"NAME": "dua lips",
		"ID": "006",
		"PLACE": "london",
		"MARITAL_STATUS": "Unmarried",
		"EDUCATION": "school"
	},
	{
		"NAME": "dua lips",
		"ID": "006",
		"PLACE": "london",
		"MARITAL_STATUS": "Unmarried",
		"EDUCATION": "school"
	}]
2020-05-23 20:23:51,714 [[message2enricher].HTTP_Listener_Configuration.worker.01] ERROR org.mule.exception.DefaultMessagingExceptionStrategy - 
********************************************************************************
Message               : ORA-00911: invalid character
 (java.sql.SQLException).
Payload               : [{
                        		"NAME": "dua lips",
                        		"ID": "006",
                        		"PLACE": "london",
                        		"MARITAL_STATUS": "Unmarried",
                        		"EDUCATION": "school"
                        	
                        	},
                        	{
                        		"NAME": "dua lips",
                        		"ID": "006",
                        		"PLACE": "london",
                        		"MARITAL_STATUS": "Unmarried",
                        		"EDUCATION": "school"
                        	},
                        	{
                        		"NAME": "dua lips",
                        		"ID": "006",
                        		"PLACE": "london",
                        		"MARITAL_STATUS": "Unmarried",
                        		"EDUCATION": "school"
                        	}]
Payload Type          : java.lang.String
Element               : /message-eFlow/processors/2/0 @ message2enricher:message2enricher.xml:19
Element XML           : <db:select config-ref="Oracle_Configuration" doc:name="Database">
                        <db:parameterized-query>select * from admissions;</db:parameterized-query>
                        </db:select>
--------------------------------------------------------------------------------
Root Exception stack trace:
java.sql.SQLException: ORA-00911: invalid character

	at oracle.jdbc.driver.DatabaseError.throwSqlException(DatabaseError.java:112)
	at oracle.jdbc.driver.T4CTTIoer.processError(T4CTTIoer.java:331)
	at oracle.jdbc.driver.T4CTTIoer.processError(T4CTTIoer.java:288)
	at oracle.jdbc.driver.T4C8Oall.receive(T4C8Oall.java:743)
	at oracle.jdbc.driver.T4CStatement.doOall8(T4CStatement.java:207)
	at oracle.jdbc.driver.T4CStatement.executeForDescribe(T4CStatement.java:790)
	at oracle.jdbc.driver.OracleStatement.executeMaybeDescribe(OracleStatement.java:1038)
	at oracle.jdbc.driver.T4CStatement.executeMaybeDescribe(T4CStatement.java:830)
	at oracle.jdbc.driver.OracleStatement.doExecuteWithTimeout(OracleStatement.java:1133)
	at oracle.jdbc.driver.OracleStatement.executeQuery(OracleStatement.java:1273)
	at org.mule.module.db.internal.domain.executor.SelectExecutor.doExecuteQuery(SelectExecutor.java:48)
	at org.mule.module.db.internal.domain.executor.AbstractSingleQueryExecutor$1.run(AbstractSingleQueryExecutor.java:41)
	at org.mule.module.db.internal.domain.executor.AbstractSingleQueryExecutor.safely(AbstractSingleQueryExecutor.java:81)
	at org.mule.module.db.internal.domain.executor.AbstractSingleQueryExecutor.execute(AbstractSingleQueryExecutor.java:35)
	at org.mule.module.db.internal.processor.SelectMessageProcessor.doExecuteQuery(SelectMessageProcessor.java:67)
	at org.mule.module.db.internal.processor.AbstractSingleQueryDbMessageProcessor.executeQuery(AbstractSingleQueryDbMessageProcessor.java:52)
	at org.mule.module.db.internal.processor.AbstractDbMessageProcessor.process(AbstractDbMessageProcessor.java:81)
	at org.mule.execution.ExceptionToMessagingExceptionExecutionInterceptor.execute(ExceptionToMessagingExceptionExecutionInterceptor.java:27)
	at org.mule.execution.MessageProcessorNotificationExecutionInterceptor.execute(MessageProcessorNotificationExecutionInterceptor.java:111)
	at org.mule.execution.MessageProcessorExecutionTemplate.execute(MessageProcessorExecutionTemplate.java:44)
	at org.mule.processor.BlockingProcessorExecutor.executeNext(BlockingProcessorExecutor.java:88)
	at org.mule.processor.BlockingProcessorExecutor.execute(BlockingProcessorExecutor.java:59)
	at org.mule.execution.ExceptionToMessagingExceptionExecutionInterceptor.execute(ExceptionToMessagingExceptionExecutionInterceptor.java:27)
	at org.mule.execution.MessageProcessorExecutionTemplate.execute(MessageProcessorExecutionTemplate.java:44)
	at org.mule.processor.BlockingProcessorExecutor.executeNext(BlockingProcessorExecutor.java:98)
	at org.mule.processor.BlockingProcessorExecutor.execute(BlockingProcessorExecutor.java:59)
	at org.mule.processor.AbstractRequestResponseMessageProcessor.processBlocking(AbstractRequestResponseMessageProcessor.java:57)
	at org.mule.enricher.MessageEnricher$EnricherProcessor.processBlocking(MessageEnricher.java:216)
	at org.mule.processor.AbstractRequestResponseMessageProcessor.process(AbstractRequestResponseMessageProcessor.java:48)
	at org.mule.enricher.MessageEnricher.process(MessageEnricher.java:73)
	at org.mule.execution.ExceptionToMessagingExceptionExecutionInterceptor.execute(ExceptionToMessagingExceptionExecutionInterceptor.java:27)
	at org.mule.execution.MessageProcessorNotificationExecutionInterceptor.execute(MessageProcessorNotificationExecutionInterceptor.java:111)
	at org.mule.execution.MessageProcessorExecutionTemplate.execute(MessageProcessorExecutionTemplate.java:44)
	at org.mule.processor.BlockingProcessorExecutor.executeNext(BlockingProcessorExecutor.java:88)
	at org.mule.processor.BlockingProcessorExecutor.execute(BlockingProcessorExecutor.java:59)
	at org.mule.execution.ExceptionToMessagingExceptionExecutionInterceptor.execute(ExceptionToMessagingExceptionExecutionInterceptor.java:27)
	at org.mule.execution.MessageProcessorExecutionTemplate.execute(MessageProcessorExecutionTemplate.java:44)
	at org.mule.processor.BlockingProcessorExecutor.executeNext(BlockingProcessorExecutor.java:98)
	at org.mule.processor.BlockingProcessorExecutor.execute(BlockingProcessorExecutor.java:59)
	at org.mule.processor.AsyncInterceptingMessageProcessor.process(AsyncInterceptingMessageProcessor.java:110)
	at org.mule.execution.ExceptionToMessagingExceptionExecutionInterceptor.execute(ExceptionToMessagingExceptionExecutionInterceptor.java:27)
	at org.mule.execution.MessageProcessorNotificationExecutionInterceptor.execute(MessageProcessorNotificationExecutionInterceptor.java:111)
	at org.mule.execution.MessageProcessorExecutionTemplate.execute(MessageProcessorExecutionTemplate.java:44)
	at org.mule.processor.BlockingProcessorExecutor.executeNext(BlockingProcessorExecutor.java:98)
	at org.mule.processor.BlockingProcessorExecutor.execute(BlockingProcessorExecutor.java:59)
	at org.mule.construct.DynamicPipelineMessageProcessor.process(DynamicPipelineMessageProcessor.java:55)
	at org.mule.execution.ExceptionToMessagingExceptionExecutionInterceptor.execute(ExceptionToMessagingExceptionExecutionInterceptor.java:27)
	at org.mule.execution.MessageProcessorNotificationExecutionInterceptor.execute(MessageProcessorNotificationExecutionInterceptor.java:111)
	at org.mule.execution.MessageProcessorExecutionTemplate.execute(MessageProcessorExecutionTemplate.java:44)
	at org.mule.processor.BlockingProcessorExecutor.executeNext(BlockingProcessorExecutor.java:88)
	at org.mule.processor.BlockingProcessorExecutor.execute(BlockingProcessorExecutor.java:59)
	at org.mule.execution.ExceptionToMessagingExceptionExecutionInterceptor.execute(ExceptionToMessagingExceptionExecutionInterceptor.java:27)
	at org.mule.execution.MessageProcessorExecutionTemplate.execute(MessageProcessorExecutionTemplate.java:44)
	at org.mule.processor.BlockingProcessorExecutor.executeNext(BlockingProcessorExecutor.java:98)
	at org.mule.processor.BlockingProcessorExecutor.execute(BlockingProcessorExecutor.java:59)
	at org.mule.interceptor.AbstractEnvelopeInterceptor.processBlocking(AbstractEnvelopeInterceptor.java:59)
	at org.mule.processor.AbstractRequestResponseMessageProcessor.process(AbstractRequestResponseMessageProcessor.java:48)
	at org.mule.execution.ExceptionToMessagingExceptionExecutionInterceptor.execute(ExceptionToMessagingExceptionExecutionInterceptor.java:27)
	at org.mule.execution.MessageProcessorNotificationExecutionInterceptor.execute(MessageProcessorNotificationExecutionInterceptor.java:111)
	at org.mule.execution.MessageProcessorExecutionTemplate.execute(MessageProcessorExecutionTemplate.java:44)
	at org.mule.processor.BlockingProcessorExecutor.executeNext(BlockingProcessorExecutor.java:98)
	at org.mule.processor.BlockingProcessorExecutor.execute(BlockingProcessorExecutor.java:59)
	at org.mule.processor.AbstractFilteringMessageProcessor.process(AbstractFilteringMessageProcessor.java:62)
	at org.mule.execution.ExceptionToMessagingExceptionExecutionInterceptor.execute(ExceptionToMessagingExceptionExecutionInterceptor.java:27)
	at org.mule.execution.MessageProcessorNotificationExecutionInterceptor.execute(MessageProcessorNotificationExecutionInterceptor.java:111)
	at org.mule.execution.MessageProcessorExecutionTemplate.execute(MessageProcessorExecutionTemplate.java:44)
	at org.mule.processor.BlockingProcessorExecutor.executeNext(BlockingProcessorExecutor.java:98)
	at org.mule.processor.BlockingProcessorExecutor.execute(BlockingProcessorExecutor.java:59)
	at org.mule.processor.AbstractRequestResponseMessageProcessor.processBlocking(AbstractRequestResponseMessageProcessor.java:57)
	at org.mule.processor.AbstractRequestResponseMessageProcessor.process(AbstractRequestResponseMessageProcessor.java:48)
	at org.mule.execution.ExceptionToMessagingExceptionExecutionInterceptor.execute(ExceptionToMessagingExceptionExecutionInterceptor.java:27)
	at org.mule.execution.MessageProcessorNotificationExecutionInterceptor.execute(MessageProcessorNotificationExecutionInterceptor.java:111)
	at org.mule.execution.MessageProcessorExecutionTemplate.execute(MessageProcessorExecutionTemplate.java:44)
	at org.mule.processor.BlockingProcessorExecutor.executeNext(BlockingProcessorExecutor.java:88)
	at org.mule.processor.BlockingProcessorExecutor.execute(BlockingProcessorExecutor.java:59)
	at org.mule.execution.ExceptionToMessagingExceptionExecutionInterceptor.execute(ExceptionToMessagingExceptionExecutionInterceptor.java:27)
	at org.mule.execution.MessageProcessorNotificationExecutionInterceptor.execute(MessageProcessorNotificationExecutionInterceptor.java:111)
	at org.mule.execution.MessageProcessorExecutionTemplate.execute(MessageProcessorExecutionTemplate.java:44)
	at org.mule.construct.AbstractPipeline$3.process(AbstractPipeline.java:232)
	at org.mule.module.http.internal.listener.HttpMessageProcessorTemplate.routeEvent(HttpMessageProcessorTemplate.java:74)
	at org.mule.execution.AsyncResponseFlowProcessingPhase$1.process(AsyncResponseFlowProcessingPhase.java:73)
	at org.mule.execution.AsyncResponseFlowProcessingPhase$1.process(AsyncResponseFlowProcessingPhase.java:60)
	at org.mule.execution.ExecuteCallbackInterceptor.execute(ExecuteCallbackInterceptor.java:16)
	at org.mule.execution.CommitTransactionInterceptor.execute(CommitTransactionInterceptor.java:35)
	at org.mule.execution.CommitTransactionInterceptor.execute(CommitTransactionInterceptor.java:22)
	at org.mule.execution.HandleExceptionInterceptor.execute(HandleExceptionInterceptor.java:30)
	at org.mule.execution.HandleExceptionInterceptor.execute(HandleExceptionInterceptor.java:14)
	at org.mule.execution.BeginAndResolveTransactionInterceptor.execute(BeginAndResolveTransactionInterceptor.java:67)
	at org.mule.execution.ResolvePreviousTransactionInterceptor.execute(ResolvePreviousTransactionInterceptor.java:44)
	at org.mule.execution.SuspendXaTransactionInterceptor.execute(SuspendXaTransactionInterceptor.java:50)
	at org.mule.execution.ValidateTransactionalStateInterceptor.execute(ValidateTransactionalStateInterceptor.java:40)
	at org.mule.execution.IsolateCurrentTransactionInterceptor.execute(IsolateCurrentTransactionInterceptor.java:41)
	at org.mule.execution.ExternalTransactionInterceptor.execute(ExternalTransactionInterceptor.java:48)
	at org.mule.execution.RethrowExceptionInterceptor.execute(RethrowExceptionInterceptor.java:28)
	at org.mule.execution.RethrowExceptionInterceptor.execute(RethrowExceptionInterceptor.java:13)
	at org.mule.execution.TransactionalErrorHandlingExecutionTemplate.execute(TransactionalErrorHandlingExecutionTemplate.java:110)
	at org.mule.execution.AsyncResponseFlowProcessingPhase.runPhase(AsyncResponseFlowProcessingPhase.java:59)
	at org.mule.execution.AsyncResponseFlowProcessingPhase.runPhase(AsyncResponseFlowProcessingPhase.java:36)
	at org.mule.execution.PhaseExecutionEngine$InternalPhaseExecutionEngine.phaseSuccessfully(PhaseExecutionEngine.java:65)
	at org.mule.execution.PhaseExecutionEngine$InternalPhaseExecutionEngine.phaseSuccessfully(PhaseExecutionEngine.java:69)
	at com.mulesoft.mule.throttling.ThrottlingPhase.runPhase(ThrottlingPhase.java:187)
	at com.mulesoft.mule.throttling.ThrottlingPhase.runPhase(ThrottlingPhase.java:58)
	at org.mule.execution.PhaseExecutionEngine$InternalPhaseExecutionEngine.phaseSuccessfully(PhaseExecutionEngine.java:65)
	at com.mulesoft.gateway.http.phases.GatewayValidationPhase.runPhase(GatewayValidationPhase.java:93)
	at com.mulesoft.gateway.http.phases.GatewayValidationPhase.runPhase(GatewayValidationPhase.java:49)
	at org.mule.execution.PhaseExecutionEngine$InternalPhaseExecutionEngine.phaseSuccessfully(PhaseExecutionEngine.java:65)
	at org.mule.modules.cors.CorsPhase.runPhase(CorsPhase.java:112)
	at org.mule.modules.cors.CorsPhase.runPhase(CorsPhase.java:39)
	at org.mule.execution.PhaseExecutionEngine$InternalPhaseExecutionEngine.process(PhaseExecutionEngine.java:114)
	at org.mule.execution.PhaseExecutionEngine.process(PhaseExecutionEngine.java:41)
	at org.mule.execution.MuleMessageProcessingManager.processMessage(MuleMessageProcessingManager.java:32)
	at org.mule.module.http.internal.listener.DefaultHttpListener$1.handleRequest(DefaultHttpListener.java:137)
	at org.mule.module.http.internal.listener.grizzly.GrizzlyRequestDispatcherFilter.handleRead(GrizzlyRequestDispatcherFilter.java:110)
	at org.glassfish.grizzly.filterchain.ExecutorResolver$9.execute(ExecutorResolver.java:119)
	at org.glassfish.grizzly.filterchain.DefaultFilterChain.executeFilter(DefaultFilterChain.java:284)
	at org.glassfish.grizzly.filterchain.DefaultFilterChain.executeChainPart(DefaultFilterChain.java:201)
	at org.glassfish.grizzly.filterchain.DefaultFilterChain.execute(DefaultFilterChain.java:133)
	at org.glassfish.grizzly.filterchain.DefaultFilterChain.process(DefaultFilterChain.java:112)
	at org.glassfish.grizzly.ProcessorExecutor.execute(ProcessorExecutor.java:77)
	at org.glassfish.grizzly.nio.transport.TCPNIOTransport.fireIOEvent(TCPNIOTransport.java:540)
	at org.glassfish.grizzly.strategies.AbstractIOStrategy.fireIOEvent(AbstractIOStrategy.java:112)
	at org.mule.module.http.internal.listener.grizzly.ExecutorPerServerAddressIOStrategy.run0(ExecutorPerServerAddressIOStrategy.java:126)
	at org.mule.module.http.internal.listener.grizzly.ExecutorPerServerAddressIOStrategy.access$100(ExecutorPerServerAddressIOStrategy.java:32)
	at org.mule.module.http.internal.listener.grizzly.ExecutorPerServerAddressIOStrategy$WorkerThreadRunnable.run(ExecutorPerServerAddressIOStrategy.java:149)
	at java.util.concurrent.ThreadPoolExecutor.runWorker(ThreadPoolExecutor.java:1149)
	at java.util.concurrent.ThreadPoolExecutor$Worker.run(ThreadPoolExecutor.java:624)
	at java.lang.Thread.run(Thread.java:748)

********************************************************************************

2020-05-23 20:24:14,891 [Mule.app.deployer.monitor.1.thread.1] INFO  org.mule.module.launcher.application.DefaultMuleApplication - 
++++++++++++++++++++++++++++++++++++++++++++++++++++++++++++
+ Stopping app 'message2enricher'                          +
++++++++++++++++++++++++++++++++++++++++++++++++++++++++++++
2020-05-23 20:24:14,894 [Mule.app.deployer.monitor.1.thread.1] INFO  org.mule.construct.FlowConstructLifecycleManager - Stopping flow: message-eFlow
2020-05-23 20:24:14,896 [Mule.app.deployer.monitor.1.thread.1] INFO  org.mule.processor.SedaStageLifecycleManager - Stopping service: message-eFlow.stage1
2020-05-23 20:24:14,948 [Mule.app.deployer.monitor.1.thread.1] INFO  org.mule.lifecycle.AbstractLifecycleManager - Stopping model: _muleSystemModel
2020-05-23 20:24:14,965 [Mule.app.deployer.monitor.1.thread.1] INFO  org.mule.module.http.internal.listener.DefaultHttpListenerConfig - Stopped listener on http://0.0.0.0:8081/mc2
2020-05-23 20:24:14,968 [Mule.app.deployer.monitor.1.thread.1] INFO  org.mule.util.queue.QueueXaResourceManager - Stopping ResourceManager
2020-05-23 20:24:14,968 [Mule.app.deployer.monitor.1.thread.1] INFO  org.mule.util.queue.QueueXaResourceManager - Stopped ResourceManager
2020-05-23 20:24:14,978 [Mule.app.deployer.monitor.1.thread.1] INFO  org.mule.module.launcher.application.DefaultMuleApplication - 
++++++++++++++++++++++++++++++++++++++++++++++++++++++++++++
+ Disposing app 'message2enricher'                         +
++++++++++++++++++++++++++++++++++++++++++++++++++++++++++++
2020-05-23 20:24:14,986 [Mule.app.deployer.monitor.1.thread.1] INFO  org.mule.lifecycle.AbstractLifecycleManager - Disposing RegistryBroker
2020-05-23 20:24:14,989 [Mule.app.deployer.monitor.1.thread.1] INFO  org.mule.construct.FlowConstructLifecycleManager - Disposing flow: message-eFlow
2020-05-23 20:24:14,995 [Mule.app.deployer.monitor.1.thread.1] INFO  org.mule.processor.SedaStageLifecycleManager - Disposing service: message-eFlow.stage1
2020-05-23 20:24:15,000 [Mule.app.deployer.monitor.1.thread.1] INFO  org.mule.lifecycle.AbstractLifecycleManager - Disposing model: _muleSystemModel
2020-05-23 20:24:15,187 [Mule.app.deployer.monitor.1.thread.1] INFO  org.mule.config.spring.MuleArtifactContext - Closing org.mule.config.spring.MuleArtifactContext@72b16078: startup date [Sat May 23 20:23:04 IST 2020]; root of context hierarchy
2020-05-23 20:24:15,197 [Mule.app.deployer.monitor.1.thread.1] INFO  org.mule.DefaultMuleContext - 
**********************************************************************
* Application "message2enricher" shut down normally on: 23/5/20      *
* 8:24 PM                                                            *
* Up for: 0 days, 0 hours, 1 mins, 5.753 sec                         *
**********************************************************************
2020-05-23 20:24:15,352 [Mule.app.deployer.monitor.1.thread.1] INFO  org.mule.module.launcher.application.DefaultMuleApplication - 
++++++++++++++++++++++++++++++++++++++++++++++++++++++++++++
+ Initializing app 'message2enricher'                      +
++++++++++++++++++++++++++++++++++++++++++++++++++++++++++++
2020-05-23 20:24:15,360 [Mule.app.deployer.monitor.1.thread.1] INFO  org.mule.util.JdkVersionUtils - You're executing with a JDK made by a vendor that is not on the recommended list of vendors. Vendor: AdoptOpenJDK Please consider changing to a recommended JDK vendor.
2020-05-23 20:24:15,366 [Mule.app.deployer.monitor.1.thread.1] INFO  org.mule.lifecycle.AbstractLifecycleManager - Initialising RegistryBroker
2020-05-23 20:24:15,379 [Mule.app.deployer.monitor.1.thread.1] INFO  org.mule.module.extension.internal.manager.DefaultExtensionManager - Starting discovery of extensions
2020-05-23 20:24:15,401 [Mule.app.deployer.monitor.1.thread.1] INFO  org.mule.module.extension.internal.manager.DefaultExtensionManager - Discovered 1 extensions
2020-05-23 20:24:15,401 [Mule.app.deployer.monitor.1.thread.1] INFO  org.mule.module.extension.internal.manager.DefaultExtensionManager - Registering extension validation (version 3.9)
2020-05-23 20:24:15,405 [Mule.app.deployer.monitor.1.thread.1] INFO  org.mule.config.spring.MuleArtifactContext - Refreshing org.mule.config.spring.MuleArtifactContext@70891375: startup date [Sat May 23 20:24:15 IST 2020]; root of context hierarchy
2020-05-23 20:24:15,791 [Mule.app.deployer.monitor.1.thread.1] INFO  org.mule.config.spring.processors.NoDevkitInjectorProcessor - JSR-330 'javax.inject.Inject' annotation found and supported for autowiring
2020-05-23 20:24:15,978 [Mule.app.deployer.monitor.1.thread.1] INFO  org.mule.util.journal.TransactionJournal - Using files for tx logs F:\R language & git\MulesoftSourceCode\.mule\.\.mule\message2enricher\queue-tx-log\tx1.log and F:\R language & git\MulesoftSourceCode\.mule\.\.mule\message2enricher\queue-tx-log\tx2.log
2020-05-23 20:24:15,982 [Mule.app.deployer.monitor.1.thread.1] INFO  org.mule.util.journal.TransactionJournal - Using files for tx logs F:\R language & git\MulesoftSourceCode\.mule\.\.mule\message2enricher\queue-xa-tx-log\tx1.log and F:\R language & git\MulesoftSourceCode\.mule\.\.mule\message2enricher\queue-xa-tx-log\tx2.log
2020-05-23 20:24:15,983 [Mule.app.deployer.monitor.1.thread.1] INFO  org.mule.lifecycle.AbstractLifecycleManager - Initialising model: _muleSystemModel
2020-05-23 20:24:15,999 [Mule.app.deployer.monitor.1.thread.1] INFO  org.mule.construct.FlowConstructLifecycleManager - Initialising flow: message-eFlow
2020-05-23 20:24:16,000 [Mule.app.deployer.monitor.1.thread.1] INFO  org.mule.exception.DefaultMessagingExceptionStrategy - Initialising exception listener: org.mule.exception.DefaultMessagingExceptionStrategy@78e7a837
2020-05-23 20:24:16,002 [Mule.app.deployer.monitor.1.thread.1] INFO  org.mule.processor.SedaStageLifecycleManager - Initialising service: message-eFlow.stage1
2020-05-23 20:24:16,036 [Mule.app.deployer.monitor.1.thread.1] INFO  org.mule.config.spring.SpringXmlConfigurationBuilder - Configured Mule using "org.mule.config.spring.SpringXmlConfigurationBuilder" with configuration resource(s): "[ConfigResource{resourceName='F:\R language & git\MulesoftSourceCode\.mule\apps\message2enricher\message2enricher.xml'}]"
2020-05-23 20:24:16,037 [Mule.app.deployer.monitor.1.thread.1] INFO  org.mule.config.builders.AutoConfigurationBuilder - Configured Mule using "org.mule.config.builders.AutoConfigurationBuilder" with configuration resource(s): "[ConfigResource{resourceName='F:\R language & git\MulesoftSourceCode\.mule\apps\message2enricher\message2enricher.xml'}]"
2020-05-23 20:24:16,040 [Mule.app.deployer.monitor.1.thread.1] INFO  org.mule.module.launcher.application.DefaultMuleApplication - 
++++++++++++++++++++++++++++++++++++++++++++++++++++++++++++
+ Starting app 'message2enricher'                          +
++++++++++++++++++++++++++++++++++++++++++++++++++++++++++++
2020-05-23 20:24:16,041 [Mule.app.deployer.monitor.1.thread.1] INFO  org.mule.util.queue.QueueXaResourceManager - Starting ResourceManager
2020-05-23 20:24:16,041 [Mule.app.deployer.monitor.1.thread.1] INFO  org.mule.util.queue.QueueXaResourceManager - Started ResourceManager
2020-05-23 20:24:16,059 [Mule.app.deployer.monitor.1.thread.1] INFO  org.mule.module.http.internal.listener.DefaultHttpListenerConfig - Listening for requests on http://0.0.0.0:8081/mc2
2020-05-23 20:24:16,060 [Mule.app.deployer.monitor.1.thread.1] INFO  org.mule.lifecycle.AbstractLifecycleManager - Starting model: _muleSystemModel
2020-05-23 20:24:16,067 [Mule.app.deployer.monitor.1.thread.1] INFO  org.mule.construct.FlowConstructLifecycleManager - Starting flow: message-eFlow
2020-05-23 20:24:16,067 [Mule.app.deployer.monitor.1.thread.1] INFO  org.mule.processor.SedaStageLifecycleManager - Starting service: message-eFlow.stage1
2020-05-23 20:24:16,075 [Mule.app.deployer.monitor.1.thread.1] INFO  org.mule.module.management.agent.WrapperManagerAgent - This JVM hasn't been launched by the wrapper, the agent will not run.
2020-05-23 20:24:16,086 [Mule.app.deployer.monitor.1.thread.1] INFO  org.mule.DefaultMuleContext - 
**********************************************************************
* Application: message2enricher                                      *
* OS encoding: \, Mule encoding: UTF-8                               *
*                                                                    *
* Agents Running:                                                    *
*   JMX Agent                                                        *
*   Batch module default engine                                      *
*   Wrapper Manager                                                  *
**********************************************************************
2020-05-23 20:25:05,278 [[message2enricher].HTTP_Listener_Configuration.worker.01] INFO  org.mule.api.processor.LoggerMessageProcessor - ***********[{
		"NAME": "dua lips",
		"ID": "006",
		"PLACE": "london",
		"MARITAL_STATUS": "Unmarried",
		"EDUCATION": "school"
	
	},
	{
		"NAME": "dua lips",
		"ID": "006",
		"PLACE": "london",
		"MARITAL_STATUS": "Unmarried",
		"EDUCATION": "school"
	},
	{
		"NAME": "dua lips",
		"ID": "006",
		"PLACE": "london",
		"MARITAL_STATUS": "Unmarried",
		"EDUCATION": "school"
	}]
2020-05-23 20:25:05,765 [[message2enricher].HTTP_Listener_Configuration.worker.01] INFO  org.mule.api.processor.LoggerMessageProcessor - DBOutput**********[{
		"NAME": "dua lips",
		"ID": "006",
		"PLACE": "london",
		"MARITAL_STATUS": "Unmarried",
		"EDUCATION": "school"
	
	},
	{
		"NAME": "dua lips",
		"ID": "006",
		"PLACE": "london",
		"MARITAL_STATUS": "Unmarried",
		"EDUCATION": "school"
	},
	{
		"NAME": "dua lips",
		"ID": "006",
		"PLACE": "london",
		"MARITAL_STATUS": "Unmarried",
		"EDUCATION": "school"
	}]
2020-05-23 20:27:11,513 [Mule.app.deployer.monitor.1.thread.1] INFO  org.mule.module.launcher.application.DefaultMuleApplication - 
++++++++++++++++++++++++++++++++++++++++++++++++++++++++++++
+ Stopping app 'message2enricher'                          +
++++++++++++++++++++++++++++++++++++++++++++++++++++++++++++
2020-05-23 20:27:11,518 [Mule.app.deployer.monitor.1.thread.1] INFO  org.mule.construct.FlowConstructLifecycleManager - Stopping flow: message-eFlow
2020-05-23 20:27:11,518 [Mule.app.deployer.monitor.1.thread.1] INFO  org.mule.processor.SedaStageLifecycleManager - Stopping service: message-eFlow.stage1
2020-05-23 20:27:11,730 [Mule.app.deployer.monitor.1.thread.1] INFO  org.mule.lifecycle.AbstractLifecycleManager - Stopping model: _muleSystemModel
2020-05-23 20:27:11,741 [Mule.app.deployer.monitor.1.thread.1] INFO  org.mule.module.http.internal.listener.DefaultHttpListenerConfig - Stopped listener on http://0.0.0.0:8081/mc2
2020-05-23 20:27:11,742 [Mule.app.deployer.monitor.1.thread.1] INFO  org.mule.util.queue.QueueXaResourceManager - Stopping ResourceManager
2020-05-23 20:27:11,742 [Mule.app.deployer.monitor.1.thread.1] INFO  org.mule.util.queue.QueueXaResourceManager - Stopped ResourceManager
2020-05-23 20:27:11,751 [Mule.app.deployer.monitor.1.thread.1] INFO  org.mule.module.launcher.application.DefaultMuleApplication - 
++++++++++++++++++++++++++++++++++++++++++++++++++++++++++++
+ Disposing app 'message2enricher'                         +
++++++++++++++++++++++++++++++++++++++++++++++++++++++++++++
2020-05-23 20:27:11,751 [Mule.app.deployer.monitor.1.thread.1] INFO  org.mule.lifecycle.AbstractLifecycleManager - Disposing RegistryBroker
2020-05-23 20:27:11,754 [Mule.app.deployer.monitor.1.thread.1] INFO  org.mule.construct.FlowConstructLifecycleManager - Disposing flow: message-eFlow
2020-05-23 20:27:11,754 [Mule.app.deployer.monitor.1.thread.1] INFO  org.mule.processor.SedaStageLifecycleManager - Disposing service: message-eFlow.stage1
2020-05-23 20:27:11,757 [Mule.app.deployer.monitor.1.thread.1] INFO  org.mule.lifecycle.AbstractLifecycleManager - Disposing model: _muleSystemModel
2020-05-23 20:27:11,785 [Mule.app.deployer.monitor.1.thread.1] INFO  org.mule.config.spring.MuleArtifactContext - Closing org.mule.config.spring.MuleArtifactContext@70891375: startup date [Sat May 23 20:24:15 IST 2020]; root of context hierarchy
2020-05-23 20:27:11,812 [Mule.app.deployer.monitor.1.thread.1] INFO  org.mule.DefaultMuleContext - 
**********************************************************************
* Application "message2enricher" shut down normally on: 23/5/20      *
* 8:27 PM                                                            *
* Up for: 0 days, 0 hours, 2 mins, 55.771 sec                        *
**********************************************************************
2020-05-23 20:27:11,908 [Mule.app.deployer.monitor.1.thread.1] INFO  org.mule.module.launcher.application.DefaultMuleApplication - 
++++++++++++++++++++++++++++++++++++++++++++++++++++++++++++
+ Initializing app 'message2enricher'                      +
++++++++++++++++++++++++++++++++++++++++++++++++++++++++++++
2020-05-23 20:27:11,936 [Mule.app.deployer.monitor.1.thread.1] INFO  org.mule.util.JdkVersionUtils - You're executing with a JDK made by a vendor that is not on the recommended list of vendors. Vendor: AdoptOpenJDK Please consider changing to a recommended JDK vendor.
2020-05-23 20:27:11,956 [Mule.app.deployer.monitor.1.thread.1] INFO  org.mule.lifecycle.AbstractLifecycleManager - Initialising RegistryBroker
2020-05-23 20:27:11,963 [Mule.app.deployer.monitor.1.thread.1] INFO  org.mule.module.extension.internal.manager.DefaultExtensionManager - Starting discovery of extensions
2020-05-23 20:27:12,020 [Mule.app.deployer.monitor.1.thread.1] INFO  org.mule.module.extension.internal.manager.DefaultExtensionManager - Discovered 1 extensions
2020-05-23 20:27:12,020 [Mule.app.deployer.monitor.1.thread.1] INFO  org.mule.module.extension.internal.manager.DefaultExtensionManager - Registering extension validation (version 3.9)
2020-05-23 20:27:12,024 [Mule.app.deployer.monitor.1.thread.1] INFO  org.mule.config.spring.MuleArtifactContext - Refreshing org.mule.config.spring.MuleArtifactContext@2eff71b6: startup date [Sat May 23 20:27:12 IST 2020]; root of context hierarchy
2020-05-23 20:27:12,319 [Mule.app.deployer.monitor.1.thread.1] INFO  org.mule.config.spring.processors.NoDevkitInjectorProcessor - JSR-330 'javax.inject.Inject' annotation found and supported for autowiring
2020-05-23 20:27:12,490 [Mule.app.deployer.monitor.1.thread.1] INFO  org.mule.util.journal.TransactionJournal - Using files for tx logs F:\R language & git\MulesoftSourceCode\.mule\.\.mule\message2enricher\queue-tx-log\tx1.log and F:\R language & git\MulesoftSourceCode\.mule\.\.mule\message2enricher\queue-tx-log\tx2.log
2020-05-23 20:27:12,492 [Mule.app.deployer.monitor.1.thread.1] INFO  org.mule.util.journal.TransactionJournal - Using files for tx logs F:\R language & git\MulesoftSourceCode\.mule\.\.mule\message2enricher\queue-xa-tx-log\tx1.log and F:\R language & git\MulesoftSourceCode\.mule\.\.mule\message2enricher\queue-xa-tx-log\tx2.log
2020-05-23 20:27:12,506 [Mule.app.deployer.monitor.1.thread.1] INFO  org.mule.lifecycle.AbstractLifecycleManager - Initialising model: _muleSystemModel
2020-05-23 20:27:12,507 [Mule.app.deployer.monitor.1.thread.1] INFO  org.mule.construct.FlowConstructLifecycleManager - Initialising flow: message-eFlow
2020-05-23 20:27:12,507 [Mule.app.deployer.monitor.1.thread.1] INFO  org.mule.exception.DefaultMessagingExceptionStrategy - Initialising exception listener: org.mule.exception.DefaultMessagingExceptionStrategy@13fd6b15
2020-05-23 20:27:12,512 [Mule.app.deployer.monitor.1.thread.1] INFO  org.mule.processor.SedaStageLifecycleManager - Initialising service: message-eFlow.stage1
2020-05-23 20:27:12,545 [Mule.app.deployer.monitor.1.thread.1] INFO  org.mule.config.spring.SpringXmlConfigurationBuilder - Configured Mule using "org.mule.config.spring.SpringXmlConfigurationBuilder" with configuration resource(s): "[ConfigResource{resourceName='F:\R language & git\MulesoftSourceCode\.mule\apps\message2enricher\message2enricher.xml'}]"
2020-05-23 20:27:12,545 [Mule.app.deployer.monitor.1.thread.1] INFO  org.mule.config.builders.AutoConfigurationBuilder - Configured Mule using "org.mule.config.builders.AutoConfigurationBuilder" with configuration resource(s): "[ConfigResource{resourceName='F:\R language & git\MulesoftSourceCode\.mule\apps\message2enricher\message2enricher.xml'}]"
2020-05-23 20:27:12,555 [Mule.app.deployer.monitor.1.thread.1] INFO  org.mule.module.launcher.application.DefaultMuleApplication - 
++++++++++++++++++++++++++++++++++++++++++++++++++++++++++++
+ Starting app 'message2enricher'                          +
++++++++++++++++++++++++++++++++++++++++++++++++++++++++++++
2020-05-23 20:27:12,559 [Mule.app.deployer.monitor.1.thread.1] INFO  org.mule.util.queue.QueueXaResourceManager - Starting ResourceManager
2020-05-23 20:27:12,561 [Mule.app.deployer.monitor.1.thread.1] INFO  org.mule.util.queue.QueueXaResourceManager - Started ResourceManager
2020-05-23 20:27:12,579 [Mule.app.deployer.monitor.1.thread.1] INFO  org.mule.module.http.internal.listener.DefaultHttpListenerConfig - Listening for requests on http://0.0.0.0:8081/mc2
2020-05-23 20:27:12,587 [Mule.app.deployer.monitor.1.thread.1] INFO  org.mule.lifecycle.AbstractLifecycleManager - Starting model: _muleSystemModel
2020-05-23 20:27:12,590 [Mule.app.deployer.monitor.1.thread.1] INFO  org.mule.construct.FlowConstructLifecycleManager - Starting flow: message-eFlow
2020-05-23 20:27:12,590 [Mule.app.deployer.monitor.1.thread.1] INFO  org.mule.processor.SedaStageLifecycleManager - Starting service: message-eFlow.stage1
2020-05-23 20:27:12,607 [Mule.app.deployer.monitor.1.thread.1] INFO  org.mule.module.management.agent.WrapperManagerAgent - This JVM hasn't been launched by the wrapper, the agent will not run.
2020-05-23 20:27:12,615 [Mule.app.deployer.monitor.1.thread.1] INFO  org.mule.DefaultMuleContext - 
**********************************************************************
* Application: message2enricher                                      *
* OS encoding: \, Mule encoding: UTF-8                               *
*                                                                    *
* Agents Running:                                                    *
*   JMX Agent                                                        *
*   Batch module default engine                                      *
*   Wrapper Manager                                                  *
**********************************************************************
2020-05-23 20:27:27,655 [Mule.app.deployer.monitor.1.thread.1] INFO  org.mule.module.launcher.application.DefaultMuleApplication - 
++++++++++++++++++++++++++++++++++++++++++++++++++++++++++++
+ Stopping app 'message2enricher'                          +
++++++++++++++++++++++++++++++++++++++++++++++++++++++++++++
2020-05-23 20:27:27,658 [Mule.app.deployer.monitor.1.thread.1] INFO  org.mule.construct.FlowConstructLifecycleManager - Stopping flow: message-eFlow
2020-05-23 20:27:27,659 [Mule.app.deployer.monitor.1.thread.1] INFO  org.mule.processor.SedaStageLifecycleManager - Stopping service: message-eFlow.stage1
2020-05-23 20:27:27,695 [Mule.app.deployer.monitor.1.thread.1] INFO  org.mule.lifecycle.AbstractLifecycleManager - Stopping model: _muleSystemModel
2020-05-23 20:27:27,702 [Mule.app.deployer.monitor.1.thread.1] INFO  org.mule.module.http.internal.listener.DefaultHttpListenerConfig - Stopped listener on http://0.0.0.0:8081/mc2
2020-05-23 20:27:27,703 [Mule.app.deployer.monitor.1.thread.1] INFO  org.mule.util.queue.QueueXaResourceManager - Stopping ResourceManager
2020-05-23 20:27:27,703 [Mule.app.deployer.monitor.1.thread.1] INFO  org.mule.util.queue.QueueXaResourceManager - Stopped ResourceManager
2020-05-23 20:27:27,709 [Mule.app.deployer.monitor.1.thread.1] INFO  org.mule.module.launcher.application.DefaultMuleApplication - 
++++++++++++++++++++++++++++++++++++++++++++++++++++++++++++
+ Disposing app 'message2enricher'                         +
++++++++++++++++++++++++++++++++++++++++++++++++++++++++++++
2020-05-23 20:27:27,709 [Mule.app.deployer.monitor.1.thread.1] INFO  org.mule.lifecycle.AbstractLifecycleManager - Disposing RegistryBroker
2020-05-23 20:27:27,711 [Mule.app.deployer.monitor.1.thread.1] INFO  org.mule.construct.FlowConstructLifecycleManager - Disposing flow: message-eFlow
2020-05-23 20:27:27,713 [Mule.app.deployer.monitor.1.thread.1] INFO  org.mule.processor.SedaStageLifecycleManager - Disposing service: message-eFlow.stage1
2020-05-23 20:27:27,719 [Mule.app.deployer.monitor.1.thread.1] INFO  org.mule.lifecycle.AbstractLifecycleManager - Disposing model: _muleSystemModel
2020-05-23 20:27:27,746 [Mule.app.deployer.monitor.1.thread.1] INFO  org.mule.config.spring.MuleArtifactContext - Closing org.mule.config.spring.MuleArtifactContext@2eff71b6: startup date [Sat May 23 20:27:12 IST 2020]; root of context hierarchy
2020-05-23 20:27:27,751 [Mule.app.deployer.monitor.1.thread.1] INFO  org.mule.DefaultMuleContext - 
**********************************************************************
* Application "message2enricher" shut down normally on: 23/5/20      *
* 8:27 PM                                                            *
* Up for: 0 days, 0 hours, 0 mins, 15.194 sec                        *
**********************************************************************
2020-05-23 20:27:27,848 [Mule.app.deployer.monitor.1.thread.1] INFO  org.mule.module.launcher.application.DefaultMuleApplication - 
++++++++++++++++++++++++++++++++++++++++++++++++++++++++++++
+ Initializing app 'message2enricher'                      +
++++++++++++++++++++++++++++++++++++++++++++++++++++++++++++
2020-05-23 20:27:27,864 [Mule.app.deployer.monitor.1.thread.1] INFO  org.mule.util.JdkVersionUtils - You're executing with a JDK made by a vendor that is not on the recommended list of vendors. Vendor: AdoptOpenJDK Please consider changing to a recommended JDK vendor.
2020-05-23 20:27:27,873 [Mule.app.deployer.monitor.1.thread.1] INFO  org.mule.lifecycle.AbstractLifecycleManager - Initialising RegistryBroker
2020-05-23 20:27:27,881 [Mule.app.deployer.monitor.1.thread.1] INFO  org.mule.module.extension.internal.manager.DefaultExtensionManager - Starting discovery of extensions
2020-05-23 20:27:27,908 [Mule.app.deployer.monitor.1.thread.1] INFO  org.mule.module.extension.internal.manager.DefaultExtensionManager - Discovered 1 extensions
2020-05-23 20:27:27,909 [Mule.app.deployer.monitor.1.thread.1] INFO  org.mule.module.extension.internal.manager.DefaultExtensionManager - Registering extension validation (version 3.9)
2020-05-23 20:27:27,915 [Mule.app.deployer.monitor.1.thread.1] INFO  org.mule.config.spring.MuleArtifactContext - Refreshing org.mule.config.spring.MuleArtifactContext@5ebbb6d9: startup date [Sat May 23 20:27:27 IST 2020]; root of context hierarchy
2020-05-23 20:27:28,240 [Mule.app.deployer.monitor.1.thread.1] INFO  org.mule.config.spring.processors.NoDevkitInjectorProcessor - JSR-330 'javax.inject.Inject' annotation found and supported for autowiring
2020-05-23 20:27:28,398 [Mule.app.deployer.monitor.1.thread.1] INFO  org.mule.util.journal.TransactionJournal - Using files for tx logs F:\R language & git\MulesoftSourceCode\.mule\.\.mule\message2enricher\queue-tx-log\tx1.log and F:\R language & git\MulesoftSourceCode\.mule\.\.mule\message2enricher\queue-tx-log\tx2.log
2020-05-23 20:27:28,401 [Mule.app.deployer.monitor.1.thread.1] INFO  org.mule.util.journal.TransactionJournal - Using files for tx logs F:\R language & git\MulesoftSourceCode\.mule\.\.mule\message2enricher\queue-xa-tx-log\tx1.log and F:\R language & git\MulesoftSourceCode\.mule\.\.mule\message2enricher\queue-xa-tx-log\tx2.log
2020-05-23 20:27:28,414 [Mule.app.deployer.monitor.1.thread.1] INFO  org.mule.lifecycle.AbstractLifecycleManager - Initialising model: _muleSystemModel
2020-05-23 20:27:28,414 [Mule.app.deployer.monitor.1.thread.1] INFO  org.mule.construct.FlowConstructLifecycleManager - Initialising flow: message-eFlow
2020-05-23 20:27:28,419 [Mule.app.deployer.monitor.1.thread.1] INFO  org.mule.exception.DefaultMessagingExceptionStrategy - Initialising exception listener: org.mule.exception.DefaultMessagingExceptionStrategy@6c9fc485
2020-05-23 20:27:28,420 [Mule.app.deployer.monitor.1.thread.1] INFO  org.mule.processor.SedaStageLifecycleManager - Initialising service: message-eFlow.stage1
2020-05-23 20:27:28,447 [Mule.app.deployer.monitor.1.thread.1] INFO  org.mule.config.spring.SpringXmlConfigurationBuilder - Configured Mule using "org.mule.config.spring.SpringXmlConfigurationBuilder" with configuration resource(s): "[ConfigResource{resourceName='F:\R language & git\MulesoftSourceCode\.mule\apps\message2enricher\message2enricher.xml'}]"
2020-05-23 20:27:28,447 [Mule.app.deployer.monitor.1.thread.1] INFO  org.mule.config.builders.AutoConfigurationBuilder - Configured Mule using "org.mule.config.builders.AutoConfigurationBuilder" with configuration resource(s): "[ConfigResource{resourceName='F:\R language & git\MulesoftSourceCode\.mule\apps\message2enricher\message2enricher.xml'}]"
2020-05-23 20:27:28,457 [Mule.app.deployer.monitor.1.thread.1] INFO  org.mule.module.launcher.application.DefaultMuleApplication - 
++++++++++++++++++++++++++++++++++++++++++++++++++++++++++++
+ Starting app 'message2enricher'                          +
++++++++++++++++++++++++++++++++++++++++++++++++++++++++++++
2020-05-23 20:27:28,461 [Mule.app.deployer.monitor.1.thread.1] INFO  org.mule.util.queue.QueueXaResourceManager - Starting ResourceManager
2020-05-23 20:27:28,462 [Mule.app.deployer.monitor.1.thread.1] INFO  org.mule.util.queue.QueueXaResourceManager - Started ResourceManager
2020-05-23 20:27:28,495 [Mule.app.deployer.monitor.1.thread.1] INFO  org.mule.module.http.internal.listener.DefaultHttpListenerConfig - Listening for requests on http://0.0.0.0:8081/mc2
2020-05-23 20:27:28,499 [Mule.app.deployer.monitor.1.thread.1] INFO  org.mule.lifecycle.AbstractLifecycleManager - Starting model: _muleSystemModel
2020-05-23 20:27:28,504 [Mule.app.deployer.monitor.1.thread.1] INFO  org.mule.construct.FlowConstructLifecycleManager - Starting flow: message-eFlow
2020-05-23 20:27:28,504 [Mule.app.deployer.monitor.1.thread.1] INFO  org.mule.processor.SedaStageLifecycleManager - Starting service: message-eFlow.stage1
2020-05-23 20:27:28,521 [Mule.app.deployer.monitor.1.thread.1] INFO  org.mule.module.management.agent.WrapperManagerAgent - This JVM hasn't been launched by the wrapper, the agent will not run.
2020-05-23 20:27:28,529 [Mule.app.deployer.monitor.1.thread.1] INFO  org.mule.DefaultMuleContext - 
**********************************************************************
* Application: message2enricher                                      *
* OS encoding: \, Mule encoding: UTF-8                               *
*                                                                    *
* Agents Running:                                                    *
*   JMX Agent                                                        *
*   Batch module default engine                                      *
*   Wrapper Manager                                                  *
**********************************************************************
2020-05-23 20:27:46,275 [[message2enricher].HTTP_Listener_Configuration.worker.01] INFO  org.mule.api.processor.LoggerMessageProcessor - ***********[{
		"NAME": "dua lips",
		"ID": "006",
		"PLACE": "london",
		"MARITAL_STATUS": "Unmarried",
		"EDUCATION": "school"
	
	},
	{
		"NAME": "dua lips",
		"ID": "006",
		"PLACE": "london",
		"MARITAL_STATUS": "Unmarried",
		"EDUCATION": "school"
	},
	{
		"NAME": "dua lips",
		"ID": "006",
		"PLACE": "london",
		"MARITAL_STATUS": "Unmarried",
		"EDUCATION": "school"
	}]
2020-05-23 20:27:47,261 [[message2enricher].HTTP_Listener_Configuration.worker.01] INFO  org.mule.api.processor.LoggerMessageProcessor - DBOutput**********[{
		"NAME": "dua lips",
		"ID": "006",
		"PLACE": "london",
		"MARITAL_STATUS": "Unmarried",
		"EDUCATION": "school"
	
	},
	{
		"NAME": "dua lips",
		"ID": "006",
		"PLACE": "london",
		"MARITAL_STATUS": "Unmarried",
		"EDUCATION": "school"
	},
	{
		"NAME": "dua lips",
		"ID": "006",
		"PLACE": "london",
		"MARITAL_STATUS": "Unmarried",
		"EDUCATION": "school"
	}]
