2020-05-24 15:27:57,315 [main] INFO  org.mule.module.launcher.application.DefaultMuleApplication - 
++++++++++++++++++++++++++++++++++++++++++++++++++++++++++++
+ Initializing app 'vm-req-rep'                            +
++++++++++++++++++++++++++++++++++++++++++++++++++++++++++++
2020-05-24 15:27:57,728 [main] INFO  org.mule.util.JdkVersionUtils - You're executing with a JDK made by a vendor that is not on the recommended list of vendors. Vendor: AdoptOpenJDK Please consider changing to a recommended JDK vendor.
2020-05-24 15:27:57,742 [main] INFO  org.mule.lifecycle.AbstractLifecycleManager - Initialising RegistryBroker
2020-05-24 15:27:57,949 [main] INFO  org.mule.module.extension.internal.manager.DefaultExtensionManager - Starting discovery of extensions
2020-05-24 15:27:58,124 [main] INFO  org.mule.module.extension.internal.manager.DefaultExtensionManager - Discovered 1 extensions
2020-05-24 15:27:58,124 [main] INFO  org.mule.module.extension.internal.manager.DefaultExtensionManager - Registering extension validation (version 3.9)
2020-05-24 15:27:58,449 [main] INFO  org.mule.config.spring.MuleArtifactContext - Refreshing org.mule.config.spring.MuleArtifactContext@d78795: startup date [Sun May 24 15:27:58 IST 2020]; root of context hierarchy
2020-05-24 15:28:00,625 [main] INFO  org.mule.config.spring.processors.NoDevkitInjectorProcessor - JSR-330 'javax.inject.Inject' annotation found and supported for autowiring
2020-05-24 15:28:02,568 [main] WARN  org.mule.module.ognl.expression.OgnlExpressionEvaluator - OGNL module is deprecated and will be removed in Mule 4.0. Use MEL expressions instead.
2020-05-24 15:28:03,376 [main] INFO  org.mule.util.journal.TransactionJournal - Using files for tx logs F:\R language & git\MulesoftSourceCode\.mule\.\.mule\vm-req-rep\queue-tx-log\tx1.log and F:\R language & git\MulesoftSourceCode\.mule\.\.mule\vm-req-rep\queue-tx-log\tx2.log
2020-05-24 15:28:03,385 [main] INFO  org.mule.util.journal.TransactionJournal - Using files for tx logs F:\R language & git\MulesoftSourceCode\.mule\.\.mule\vm-req-rep\queue-xa-tx-log\tx1.log and F:\R language & git\MulesoftSourceCode\.mule\.\.mule\vm-req-rep\queue-xa-tx-log\tx2.log
2020-05-24 15:28:03,394 [main] INFO  org.mule.lifecycle.AbstractLifecycleManager - Initialising connector: VM
2020-05-24 15:28:03,563 [main] INFO  org.mule.lifecycle.AbstractLifecycleManager - Initialising model: _muleSystemModel
2020-05-24 15:28:03,571 [main] INFO  org.mule.construct.FlowConstructLifecycleManager - Initialising flow: request-replyFlow
2020-05-24 15:28:03,572 [main] INFO  org.mule.exception.DefaultMessagingExceptionStrategy - Initialising exception listener: org.mule.exception.DefaultMessagingExceptionStrategy@d919544
2020-05-24 15:28:03,608 [main] INFO  org.mule.processor.SedaStageLifecycleManager - Initialising service: request-replyFlow.stage1
2020-05-24 15:28:03,627 [main] INFO  org.mule.construct.FlowConstructLifecycleManager - Initialising flow: request-replyFlow1
2020-05-24 15:28:03,627 [main] INFO  org.mule.exception.DefaultMessagingExceptionStrategy - Initialising exception listener: org.mule.exception.DefaultMessagingExceptionStrategy@580fd26b
2020-05-24 15:28:03,632 [main] INFO  org.mule.processor.SedaStageLifecycleManager - Initialising service: request-replyFlow1.stage1
2020-05-24 15:28:03,673 [main] INFO  org.mule.construct.FlowConstructLifecycleManager - Initialising flow: request-replyFlow2
2020-05-24 15:28:03,673 [main] INFO  org.mule.exception.DefaultMessagingExceptionStrategy - Initialising exception listener: org.mule.exception.DefaultMessagingExceptionStrategy@7df28f1
2020-05-24 15:28:03,685 [main] INFO  org.mule.processor.SedaStageLifecycleManager - Initialising service: request-replyFlow2.stage1
2020-05-24 15:28:04,335 [main] INFO  org.mule.api.security.tls.TlsProperties - Loading configuration file: tls-default.conf
2020-05-24 15:28:04,344 [main] INFO  org.mule.config.spring.SpringXmlConfigurationBuilder - Configured Mule using "org.mule.config.spring.SpringXmlConfigurationBuilder" with configuration resource(s): "[ConfigResource{resourceName='F:\R language & git\MulesoftSourceCode\.mule\apps\vm-req-rep\vm-req-rep.xml'}]"
2020-05-24 15:28:04,345 [main] INFO  org.mule.config.builders.AutoConfigurationBuilder - Configured Mule using "org.mule.config.builders.AutoConfigurationBuilder" with configuration resource(s): "[ConfigResource{resourceName='F:\R language & git\MulesoftSourceCode\.mule\apps\vm-req-rep\vm-req-rep.xml'}]"
2020-05-24 15:28:04,347 [main] INFO  com.mulesoft.module.policies.lifecyle.GateKeeper - GateKeeper Mode: DISABLED
2020-05-24 15:28:04,347 [main] INFO  org.mule.module.launcher.application.DefaultMuleApplication - 
++++++++++++++++++++++++++++++++++++++++++++++++++++++++++++
+ Starting app 'vm-req-rep'                                +
++++++++++++++++++++++++++++++++++++++++++++++++++++++++++++
2020-05-24 15:28:04,379 [main] INFO  org.mule.util.queue.QueueXaResourceManager - Starting ResourceManager
2020-05-24 15:28:04,379 [main] INFO  org.mule.util.queue.QueueXaResourceManager - Started ResourceManager
2020-05-24 15:28:04,434 [main] INFO  org.mule.module.http.internal.listener.DefaultHttpListenerConfig - Listening for requests on http://localhost:8081/vmrr
2020-05-24 15:28:04,437 [main] INFO  org.mule.transport.vm.VMConnector - Connected: VMConnector
{
  name=VM
  lifecycle=initialise
  this=7327a447
  numberOfConcurrentTransactedReceivers=4
  createMultipleTransactedReceivers=true
  connected=true
  supportedProtocols=[vm]
  serviceOverrides=<none>
}

2020-05-24 15:28:04,437 [main] INFO  org.mule.transport.vm.VMConnector - Starting: VMConnector
{
  name=VM
  lifecycle=initialise
  this=7327a447
  numberOfConcurrentTransactedReceivers=4
  createMultipleTransactedReceivers=true
  connected=true
  supportedProtocols=[vm]
  serviceOverrides=<none>
}

2020-05-24 15:28:04,438 [main] INFO  org.mule.lifecycle.AbstractLifecycleManager - Starting connector: VM
2020-05-24 15:28:04,445 [main] INFO  org.mule.lifecycle.AbstractLifecycleManager - Starting model: _muleSystemModel
2020-05-24 15:28:04,450 [main] INFO  org.mule.construct.FlowConstructLifecycleManager - Starting flow: request-replyFlow
2020-05-24 15:28:04,450 [main] INFO  org.mule.processor.SedaStageLifecycleManager - Starting service: request-replyFlow.stage1
2020-05-24 15:28:04,464 [main] INFO  org.mule.transport.vm.VMConnector - Registering listener: request-replyFlow on endpointUri: vm://Sender3
2020-05-24 15:28:04,486 [main] INFO  org.mule.lifecycle.AbstractLifecycleManager - Initialising: 'null'. Object is: VMMessageReceiver
2020-05-24 15:28:04,490 [main] INFO  org.mule.transport.vm.VMMessageReceiver - Connecting clusterizable message receiver
2020-05-24 15:28:04,492 [main] INFO  org.mule.lifecycle.AbstractLifecycleManager - Starting: 'null'. Object is: VMMessageReceiver
2020-05-24 15:28:04,493 [main] INFO  org.mule.transport.vm.VMMessageReceiver - Starting clusterizable message receiver
2020-05-24 15:28:04,499 [main] INFO  org.mule.construct.FlowConstructLifecycleManager - Starting flow: request-replyFlow1
2020-05-24 15:28:04,499 [main] INFO  org.mule.processor.SedaStageLifecycleManager - Starting service: request-replyFlow1.stage1
2020-05-24 15:28:04,503 [main] INFO  org.mule.construct.FlowConstructLifecycleManager - Starting flow: request-replyFlow2
2020-05-24 15:28:04,503 [main] INFO  org.mule.processor.SedaStageLifecycleManager - Starting service: request-replyFlow2.stage1
2020-05-24 15:28:04,848 [main] INFO  org.mule.transport.vm.VMConnector - Registering listener: request-replyFlow1 on endpointUri: vm://Sender1
2020-05-24 15:28:04,855 [main] INFO  org.mule.lifecycle.AbstractLifecycleManager - Initialising: 'null'. Object is: VMMessageReceiver
2020-05-24 15:28:04,855 [main] INFO  org.mule.transport.vm.VMMessageReceiver - Connecting clusterizable message receiver
2020-05-24 15:28:04,856 [main] INFO  org.mule.lifecycle.AbstractLifecycleManager - Starting: 'null'. Object is: VMMessageReceiver
2020-05-24 15:28:04,856 [main] INFO  org.mule.transport.vm.VMMessageReceiver - Starting clusterizable message receiver
2020-05-24 15:28:04,856 [main] INFO  org.mule.transport.vm.VMConnector - Registering listener: request-replyFlow2 on endpointUri: vm://Sender2
2020-05-24 15:28:04,856 [main] INFO  org.mule.lifecycle.AbstractLifecycleManager - Initialising: 'null'. Object is: VMMessageReceiver
2020-05-24 15:28:04,861 [main] INFO  org.mule.transport.vm.VMMessageReceiver - Connecting clusterizable message receiver
2020-05-24 15:28:04,866 [main] INFO  org.mule.lifecycle.AbstractLifecycleManager - Starting: 'null'. Object is: VMMessageReceiver
2020-05-24 15:28:04,866 [main] INFO  org.mule.transport.vm.VMMessageReceiver - Starting clusterizable message receiver
2020-05-24 15:28:04,878 [main] INFO  org.mule.module.management.agent.WrapperManagerAgent - This JVM hasn't been launched by the wrapper, the agent will not run.
2020-05-24 15:28:04,922 [main] INFO  org.mule.module.management.agent.AbstractJmxAgent - Attempting to register service with name: Mule.vm-req-rep:type=Endpoint,service="request-replyFlow",connector=VM,name="endpoint.vm.Sender3"
2020-05-24 15:28:04,922 [main] INFO  org.mule.module.management.agent.AbstractJmxAgent - Registered Endpoint Service with name: Mule.vm-req-rep:type=Endpoint,service="request-replyFlow",connector=VM,name="endpoint.vm.Sender3"
2020-05-24 15:28:04,922 [main] INFO  org.mule.module.management.agent.AbstractJmxAgent - Attempting to register service with name: Mule.vm-req-rep:type=Endpoint,service="request-replyFlow2",connector=VM,name="endpoint.vm.Sender2"
2020-05-24 15:28:04,922 [main] INFO  org.mule.module.management.agent.AbstractJmxAgent - Registered Endpoint Service with name: Mule.vm-req-rep:type=Endpoint,service="request-replyFlow2",connector=VM,name="endpoint.vm.Sender2"
2020-05-24 15:28:04,922 [main] INFO  org.mule.module.management.agent.AbstractJmxAgent - Attempting to register service with name: Mule.vm-req-rep:type=Endpoint,service="request-replyFlow1",connector=VM,name="endpoint.vm.Sender1"
2020-05-24 15:28:04,922 [main] INFO  org.mule.module.management.agent.AbstractJmxAgent - Registered Endpoint Service with name: Mule.vm-req-rep:type=Endpoint,service="request-replyFlow1",connector=VM,name="endpoint.vm.Sender1"
2020-05-24 15:28:04,927 [main] INFO  org.mule.module.management.agent.AbstractJmxAgent - Registered Connector Service with name Mule.vm-req-rep:type=Connector,name="VM"
2020-05-24 15:28:04,937 [main] INFO  org.mule.DefaultMuleContext - 
**********************************************************************
* Application: vm-req-rep                                            *
* OS encoding: \, Mule encoding: UTF-8                               *
*                                                                    *
* Agents Running:                                                    *
*   JMX Agent                                                        *
*   Batch module default engine                                      *
*   Wrapper Manager                                                  *
**********************************************************************
2020-05-24 15:29:37,206 [[vm-req-rep].HTTP_Listener_Configuration.worker.01] INFO  org.mule.api.processor.LoggerMessageProcessor - ************Request has been Received from Http*************
2020-05-24 15:29:37,251 [[vm-req-rep].HTTP_Listener_Configuration.worker.01] INFO  org.mule.api.processor.LoggerMessageProcessor - <Employees>

<Employee>

<FirstName>Jitu</FirstName>

<LastName>Jain</LastName>

<Salary>100000</Salary>

</Employee>

<Employee>

<FirstName>Jospeh</FirstName>

<LastName>Adams</LastName>

<Salary>200000</Salary>

</Employee>

<Employee>

<FirstName>Steve</FirstName>

<LastName>Simon</LastName>

<Salary>300000</Salary>

</Employee>

<Employee>

<FirstName>Brain</FirstName>

<LastName>Handscomb</LastName>

<Salary>300000</Salary>

</Employee>

<Employee>

<FirstName>Rajeev</FirstName>

<LastName>Thandani</LastName>

<Salary>500000</Salary>

</Employee>

</Employees>
2020-05-24 15:29:37,253 [[vm-req-rep].HTTP_Listener_Configuration.worker.01] INFO  org.mule.api.processor.LoggerMessageProcessor - After Set Payload************<Employees>

<Employee>

<FirstName>Jitu</FirstName>

<LastName>Jain</LastName>

<Salary>100000</Salary>

</Employee>

<Employee>

<FirstName>Jospeh</FirstName>

<LastName>Adams</LastName>

<Salary>200000</Salary>

</Employee>

<Employee>

<FirstName>Steve</FirstName>

<LastName>Simon</LastName>

<Salary>300000</Salary>

</Employee>

<Employee>

<FirstName>Brain</FirstName>

<LastName>Handscomb</LastName>

<Salary>300000</Salary>

</Employee>

<Employee>

<FirstName>Rajeev</FirstName>

<LastName>Thandani</LastName>

<Salary>500000</Salary>

</Employee>

</Employees>
2020-05-24 15:29:37,315 [[vm-req-rep].HTTP_Listener_Configuration.worker.01] INFO  org.mule.api.processor.LoggerMessageProcessor - ***Flow******shekhar
2020-05-24 15:29:37,335 [[vm-req-rep].HTTP_Listener_Configuration.worker.01] INFO  org.mule.api.processor.LoggerMessageProcessor - *********Session********shekhar
2020-05-24 15:29:37,425 [[vm-req-rep].HTTP_Listener_Configuration.worker.01] INFO  org.mule.lifecycle.AbstractLifecycleManager - Initialising: 'VM.dispatcher.1405071292'. Object is: VMMessageDispatcher
2020-05-24 15:29:37,425 [[vm-req-rep].HTTP_Listener_Configuration.worker.01] INFO  org.mule.lifecycle.AbstractLifecycleManager - Starting: 'VM.dispatcher.1405071292'. Object is: VMMessageDispatcher
2020-05-24 15:29:37,455 [[vm-req-rep].HTTP_Listener_Configuration.worker.01] INFO  org.mule.api.processor.LoggerMessageProcessor - ****Message Id Logger*************** Message and Correlation Id'are****************46d4b050-9da5-11ea-9c46-f828198890b5
2020-05-24 15:29:37,455 [[vm-req-rep].HTTP_Listener_Configuration.worker.01] INFO  org.mule.api.processor.LoggerMessageProcessor - *********Before choice**********
2020-05-24 15:29:37,468 [[vm-req-rep].HTTP_Listener_Configuration.worker.01] INFO  org.mule.api.processor.LoggerMessageProcessor - **********After Choice*********
2020-05-24 15:29:37,478 [[vm-req-rep].HTTP_Listener_Configuration.worker.01] INFO  org.mule.lifecycle.AbstractLifecycleManager - Initialising: 'VM.dispatcher.111064083'. Object is: VMMessageDispatcher
2020-05-24 15:29:37,478 [[vm-req-rep].HTTP_Listener_Configuration.worker.01] INFO  org.mule.lifecycle.AbstractLifecycleManager - Starting: 'VM.dispatcher.111064083'. Object is: VMMessageDispatcher
2020-05-24 15:29:37,483 [[vm-req-rep].HTTP_Listener_Configuration.worker.01] INFO  org.mule.transport.DefaultReplyToHandler - reply to sent: DefaultOutboundEndpoint{endpointUri=vm://Sender3?connector=VM, connector=VMConnector
{
  name=VM
  lifecycle=start
  this=7327a447
  numberOfConcurrentTransactedReceivers=4
  createMultipleTransactedReceivers=true
  connected=true
  supportedProtocols=[vm]
  serviceOverrides=<none>
}
,  name='endpoint.vm.Sender3', mep=ONE_WAY, properties={connector=VM}, transactionConfig=Transaction{factory=null, action=INDIFFERENT, timeout=0}, deleteUnacceptedMessages=false, initialState=started, responseTimeout=10000, endpointEncoding=UTF-8, disableTransportTransformer=false}
2020-05-24 15:29:37,505 [[vm-req-rep].HTTP_Listener_Configuration.worker.01] INFO  org.mule.api.processor.LoggerMessageProcessor - **********Final Receiver Received the Request****************
2020-05-24 15:29:50,788 [[vm-req-rep].HTTP_Listener_Configuration.worker.01] INFO  org.mule.api.processor.LoggerMessageProcessor - ************Request has been Received from Http*************
2020-05-24 15:29:50,789 [[vm-req-rep].HTTP_Listener_Configuration.worker.01] INFO  org.mule.api.processor.LoggerMessageProcessor - <Employees>

<Employee>

<FirstName>Jitu</FirstName>

<LastName>Jain</LastName>

<Salary>100000</Salary>

</Employee>

<Employee>

<FirstName>Jospeh</FirstName>

<LastName>Adams</LastName>

<Salary>200000</Salary>

</Employee>

<Employee>

<FirstName>Steve</FirstName>

<LastName>Simon</LastName>

<Salary>300000</Salary>

</Employee>

<Employee>

<FirstName>Brain</FirstName>

<LastName>Handscomb</LastName>

<Salary>300000</Salary>

</Employee>

<Employee>

<FirstName>Rajeev</FirstName>

<LastName>Thandani</LastName>

<Salary>500000</Salary>

</Employee>

</Employees>
2020-05-24 15:29:50,789 [[vm-req-rep].HTTP_Listener_Configuration.worker.01] INFO  org.mule.api.processor.LoggerMessageProcessor - After Set Payload************<Employees>

<Employee>

<FirstName>Jitu</FirstName>

<LastName>Jain</LastName>

<Salary>100000</Salary>

</Employee>

<Employee>

<FirstName>Jospeh</FirstName>

<LastName>Adams</LastName>

<Salary>200000</Salary>

</Employee>

<Employee>

<FirstName>Steve</FirstName>

<LastName>Simon</LastName>

<Salary>300000</Salary>

</Employee>

<Employee>

<FirstName>Brain</FirstName>

<LastName>Handscomb</LastName>

<Salary>300000</Salary>

</Employee>

<Employee>

<FirstName>Rajeev</FirstName>

<LastName>Thandani</LastName>

<Salary>500000</Salary>

</Employee>

</Employees>
2020-05-24 15:29:50,809 [[vm-req-rep].HTTP_Listener_Configuration.worker.01] INFO  org.mule.api.processor.LoggerMessageProcessor - ***Flow******shekhar
2020-05-24 15:29:50,809 [[vm-req-rep].HTTP_Listener_Configuration.worker.01] INFO  org.mule.api.processor.LoggerMessageProcessor - *********Session********shekhar
2020-05-24 15:29:50,815 [[vm-req-rep].HTTP_Listener_Configuration.worker.01] INFO  org.mule.api.processor.LoggerMessageProcessor - ****Message Id Logger*************** Message and Correlation Id'are****************4ef1de20-9da5-11ea-9c46-f828198890b5
2020-05-24 15:29:50,815 [[vm-req-rep].HTTP_Listener_Configuration.worker.01] INFO  org.mule.api.processor.LoggerMessageProcessor - *********Before choice**********
2020-05-24 15:29:50,815 [[vm-req-rep].HTTP_Listener_Configuration.worker.01] INFO  org.mule.api.processor.LoggerMessageProcessor - **********After Choice*********
2020-05-24 15:29:50,820 [[vm-req-rep].HTTP_Listener_Configuration.worker.01] INFO  org.mule.transport.DefaultReplyToHandler - reply to sent: DefaultOutboundEndpoint{endpointUri=vm://Sender3?connector=VM, connector=VMConnector
{
  name=VM
  lifecycle=start
  this=7327a447
  numberOfConcurrentTransactedReceivers=4
  createMultipleTransactedReceivers=true
  connected=true
  supportedProtocols=[vm]
  serviceOverrides=<none>
}
,  name='endpoint.vm.Sender3', mep=ONE_WAY, properties={connector=VM}, transactionConfig=Transaction{factory=null, action=INDIFFERENT, timeout=0}, deleteUnacceptedMessages=false, initialState=started, responseTimeout=10000, endpointEncoding=UTF-8, disableTransportTransformer=false}
2020-05-24 15:29:50,825 [[vm-req-rep].HTTP_Listener_Configuration.worker.01] INFO  org.mule.api.processor.LoggerMessageProcessor - **********Final Receiver Received the Request****************
2020-05-24 15:30:19,270 [[vm-req-rep].HTTP_Listener_Configuration.worker.01] INFO  org.mule.api.processor.LoggerMessageProcessor - ************Request has been Received from Http*************
2020-05-24 15:30:19,272 [[vm-req-rep].HTTP_Listener_Configuration.worker.01] INFO  org.mule.api.processor.LoggerMessageProcessor - {NullPayload}
2020-05-24 15:30:19,272 [[vm-req-rep].HTTP_Listener_Configuration.worker.01] INFO  org.mule.api.processor.LoggerMessageProcessor - After Set Payload************{NullPayload}
2020-05-24 15:30:19,273 [[vm-req-rep].HTTP_Listener_Configuration.worker.01] INFO  org.mule.api.processor.LoggerMessageProcessor - ***Flow******shekhar
2020-05-24 15:30:19,274 [[vm-req-rep].HTTP_Listener_Configuration.worker.01] INFO  org.mule.api.processor.LoggerMessageProcessor - *********Session********shekhar
2020-05-24 15:30:19,279 [[vm-req-rep].HTTP_Listener_Configuration.worker.01] INFO  org.mule.api.processor.LoggerMessageProcessor - ****Message Id Logger*************** Message and Correlation Id'are****************5fec0750-9da5-11ea-9c46-f828198890b5
2020-05-24 15:30:19,280 [[vm-req-rep].HTTP_Listener_Configuration.worker.01] INFO  org.mule.api.processor.LoggerMessageProcessor - *********Before choice**********
2020-05-24 15:30:19,281 [[vm-req-rep].HTTP_Listener_Configuration.worker.01] INFO  org.mule.api.processor.LoggerMessageProcessor - **********After Choice*********
2020-05-24 15:30:19,287 [[vm-req-rep].HTTP_Listener_Configuration.worker.01] INFO  org.mule.transport.DefaultReplyToHandler - reply to sent: DefaultOutboundEndpoint{endpointUri=vm://Sender3?connector=VM, connector=VMConnector
{
  name=VM
  lifecycle=start
  this=7327a447
  numberOfConcurrentTransactedReceivers=4
  createMultipleTransactedReceivers=true
  connected=true
  supportedProtocols=[vm]
  serviceOverrides=<none>
}
,  name='endpoint.vm.Sender3', mep=ONE_WAY, properties={connector=VM}, transactionConfig=Transaction{factory=null, action=INDIFFERENT, timeout=0}, deleteUnacceptedMessages=false, initialState=started, responseTimeout=10000, endpointEncoding=UTF-8, disableTransportTransformer=false}
2020-05-24 15:30:19,290 [[vm-req-rep].HTTP_Listener_Configuration.worker.01] INFO  org.mule.api.processor.LoggerMessageProcessor - **********Final Receiver Received the Request****************
2020-05-24 15:31:35,314 [Mule.app.deployer.monitor.1.thread.1] INFO  org.mule.module.launcher.application.DefaultMuleApplication - 
++++++++++++++++++++++++++++++++++++++++++++++++++++++++++++
+ Stopping app 'vm-req-rep'                                +
++++++++++++++++++++++++++++++++++++++++++++++++++++++++++++
2020-05-24 15:31:35,317 [Mule.app.deployer.monitor.1.thread.1] INFO  org.mule.construct.FlowConstructLifecycleManager - Stopping flow: request-replyFlow
2020-05-24 15:31:35,318 [Mule.app.deployer.monitor.1.thread.1] INFO  org.mule.processor.SedaStageLifecycleManager - Stopping service: request-replyFlow.stage1
2020-05-24 15:31:35,503 [Mule.app.deployer.monitor.1.thread.1] INFO  org.mule.transport.vm.VMConnector - Removing listener on endpointUri: vm://Sender3
2020-05-24 15:31:35,512 [Mule.app.deployer.monitor.1.thread.1] INFO  org.mule.lifecycle.AbstractLifecycleManager - Stopping: 'null'. Object is: VMMessageReceiver
2020-05-24 15:31:35,520 [Mule.app.deployer.monitor.1.thread.1] INFO  org.mule.lifecycle.AbstractLifecycleManager - Disposing: 'null'. Object is: VMMessageReceiver
2020-05-24 15:31:35,524 [Mule.app.deployer.monitor.1.thread.1] INFO  org.mule.lifecycle.AbstractLifecycleManager - Stopping: 'VM.dispatcher.1405071292'. Object is: VMMessageDispatcher
2020-05-24 15:31:35,524 [Mule.app.deployer.monitor.1.thread.1] INFO  org.mule.lifecycle.AbstractLifecycleManager - Disposing: 'VM.dispatcher.1405071292'. Object is: VMMessageDispatcher
2020-05-24 15:31:35,534 [Mule.app.deployer.monitor.1.thread.1] INFO  org.mule.construct.FlowConstructLifecycleManager - Stopping flow: request-replyFlow1
2020-05-24 15:31:35,536 [Mule.app.deployer.monitor.1.thread.1] INFO  org.mule.transport.vm.VMConnector - Removing listener on endpointUri: vm://Sender1
2020-05-24 15:31:35,537 [Mule.app.deployer.monitor.1.thread.1] INFO  org.mule.lifecycle.AbstractLifecycleManager - Stopping: 'null'. Object is: VMMessageReceiver
2020-05-24 15:31:35,539 [Mule.app.deployer.monitor.1.thread.1] INFO  org.mule.lifecycle.AbstractLifecycleManager - Disposing: 'null'. Object is: VMMessageReceiver
2020-05-24 15:31:35,539 [Mule.app.deployer.monitor.1.thread.1] INFO  org.mule.processor.SedaStageLifecycleManager - Stopping service: request-replyFlow1.stage1
2020-05-24 15:31:35,547 [Mule.app.deployer.monitor.1.thread.1] INFO  org.mule.construct.FlowConstructLifecycleManager - Stopping flow: request-replyFlow2
2020-05-24 15:31:35,547 [Mule.app.deployer.monitor.1.thread.1] INFO  org.mule.transport.vm.VMConnector - Removing listener on endpointUri: vm://Sender2
2020-05-24 15:31:35,548 [Mule.app.deployer.monitor.1.thread.1] INFO  org.mule.lifecycle.AbstractLifecycleManager - Stopping: 'null'. Object is: VMMessageReceiver
2020-05-24 15:31:35,550 [Mule.app.deployer.monitor.1.thread.1] INFO  org.mule.lifecycle.AbstractLifecycleManager - Disposing: 'null'. Object is: VMMessageReceiver
2020-05-24 15:31:35,550 [Mule.app.deployer.monitor.1.thread.1] INFO  org.mule.processor.SedaStageLifecycleManager - Stopping service: request-replyFlow2.stage1
2020-05-24 15:31:35,718 [Mule.app.deployer.monitor.1.thread.1] INFO  org.mule.lifecycle.AbstractLifecycleManager - Stopping model: _muleSystemModel
2020-05-24 15:31:35,738 [Mule.app.deployer.monitor.1.thread.1] INFO  org.mule.lifecycle.AbstractLifecycleManager - Stopping connector: VM
2020-05-24 15:31:35,749 [Mule.app.deployer.monitor.1.thread.1] INFO  org.mule.lifecycle.AbstractLifecycleManager - Stopping: 'VM.dispatcher.111064083'. Object is: VMMessageDispatcher
2020-05-24 15:31:35,749 [Mule.app.deployer.monitor.1.thread.1] INFO  org.mule.lifecycle.AbstractLifecycleManager - Disposing: 'VM.dispatcher.111064083'. Object is: VMMessageDispatcher
2020-05-24 15:31:35,762 [Mule.app.deployer.monitor.1.thread.1] INFO  org.mule.module.http.internal.listener.DefaultHttpListenerConfig - Stopped listener on http://localhost:8081/vmrr
2020-05-24 15:31:35,766 [Mule.app.deployer.monitor.1.thread.1] INFO  org.mule.util.queue.QueueXaResourceManager - Stopping ResourceManager
2020-05-24 15:31:35,766 [Mule.app.deployer.monitor.1.thread.1] INFO  org.mule.util.queue.QueueXaResourceManager - Stopped ResourceManager
2020-05-24 15:31:35,796 [Mule.app.deployer.monitor.1.thread.1] INFO  org.mule.module.launcher.application.DefaultMuleApplication - 
++++++++++++++++++++++++++++++++++++++++++++++++++++++++++++
+ Disposing app 'vm-req-rep'                               +
++++++++++++++++++++++++++++++++++++++++++++++++++++++++++++
2020-05-24 15:31:35,798 [Mule.app.deployer.monitor.1.thread.1] INFO  org.mule.lifecycle.AbstractLifecycleManager - Disposing RegistryBroker
2020-05-24 15:31:35,804 [Mule.app.deployer.monitor.1.thread.1] INFO  org.mule.construct.FlowConstructLifecycleManager - Disposing flow: request-replyFlow
2020-05-24 15:31:35,805 [Mule.app.deployer.monitor.1.thread.1] INFO  org.mule.processor.SedaStageLifecycleManager - Disposing service: request-replyFlow.stage1
2020-05-24 15:31:35,813 [Mule.app.deployer.monitor.1.thread.1] INFO  org.mule.construct.FlowConstructLifecycleManager - Disposing flow: request-replyFlow1
2020-05-24 15:31:35,817 [Mule.app.deployer.monitor.1.thread.1] INFO  org.mule.processor.SedaStageLifecycleManager - Disposing service: request-replyFlow1.stage1
2020-05-24 15:31:35,818 [Mule.app.deployer.monitor.1.thread.1] INFO  org.mule.construct.FlowConstructLifecycleManager - Disposing flow: request-replyFlow2
2020-05-24 15:31:35,818 [Mule.app.deployer.monitor.1.thread.1] INFO  org.mule.processor.SedaStageLifecycleManager - Disposing service: request-replyFlow2.stage1
2020-05-24 15:31:35,819 [Mule.app.deployer.monitor.1.thread.1] INFO  org.mule.lifecycle.AbstractLifecycleManager - Disposing model: _muleSystemModel
2020-05-24 15:31:35,830 [Mule.app.deployer.monitor.1.thread.1] INFO  org.mule.transport.vm.VMConnector - Disconnected: VMConnector
{
  name=VM
  lifecycle=stop
  this=7327a447
  numberOfConcurrentTransactedReceivers=4
  createMultipleTransactedReceivers=true
  connected=true
  supportedProtocols=[vm]
  serviceOverrides=<none>
}

2020-05-24 15:31:35,832 [Mule.app.deployer.monitor.1.thread.1] INFO  org.mule.lifecycle.AbstractLifecycleManager - Disposing connector: VM
2020-05-24 15:31:36,221 [Mule.app.deployer.monitor.1.thread.1] INFO  org.mule.config.spring.MuleArtifactContext - Closing org.mule.config.spring.MuleArtifactContext@d78795: startup date [Sun May 24 15:27:58 IST 2020]; root of context hierarchy
2020-05-24 15:31:36,238 [Mule.app.deployer.monitor.1.thread.1] INFO  org.mule.DefaultMuleContext - 
**********************************************************************
* Application "vm-req-rep" shut down normally on: 24/5/20 3:31 PM    *
* Up for: 0 days, 0 hours, 3 mins, 31.889 sec                        *
**********************************************************************
2020-05-24 15:31:36,417 [Mule.app.deployer.monitor.1.thread.1] INFO  org.mule.module.launcher.application.DefaultMuleApplication - 
++++++++++++++++++++++++++++++++++++++++++++++++++++++++++++
+ Initializing app 'vm-req-rep'                            +
++++++++++++++++++++++++++++++++++++++++++++++++++++++++++++
2020-05-24 15:31:36,425 [Mule.app.deployer.monitor.1.thread.1] INFO  org.mule.util.JdkVersionUtils - You're executing with a JDK made by a vendor that is not on the recommended list of vendors. Vendor: AdoptOpenJDK Please consider changing to a recommended JDK vendor.
2020-05-24 15:31:36,429 [Mule.app.deployer.monitor.1.thread.1] INFO  org.mule.lifecycle.AbstractLifecycleManager - Initialising RegistryBroker
2020-05-24 15:31:36,437 [Mule.app.deployer.monitor.1.thread.1] INFO  org.mule.module.extension.internal.manager.DefaultExtensionManager - Starting discovery of extensions
2020-05-24 15:31:36,460 [Mule.app.deployer.monitor.1.thread.1] INFO  org.mule.module.extension.internal.manager.DefaultExtensionManager - Discovered 1 extensions
2020-05-24 15:31:36,463 [Mule.app.deployer.monitor.1.thread.1] INFO  org.mule.module.extension.internal.manager.DefaultExtensionManager - Registering extension validation (version 3.9)
2020-05-24 15:31:36,467 [Mule.app.deployer.monitor.1.thread.1] INFO  org.mule.config.spring.MuleArtifactContext - Refreshing org.mule.config.spring.MuleArtifactContext@37d75039: startup date [Sun May 24 15:31:36 IST 2020]; root of context hierarchy
2020-05-24 15:31:37,256 [Mule.app.deployer.monitor.1.thread.1] INFO  org.mule.config.spring.processors.NoDevkitInjectorProcessor - JSR-330 'javax.inject.Inject' annotation found and supported for autowiring
2020-05-24 15:31:37,586 [Mule.app.deployer.monitor.1.thread.1] INFO  org.mule.util.journal.TransactionJournal - Using files for tx logs F:\R language & git\MulesoftSourceCode\.mule\.\.mule\vm-req-rep\queue-tx-log\tx1.log and F:\R language & git\MulesoftSourceCode\.mule\.\.mule\vm-req-rep\queue-tx-log\tx2.log
2020-05-24 15:31:37,588 [Mule.app.deployer.monitor.1.thread.1] INFO  org.mule.util.journal.TransactionJournal - Using files for tx logs F:\R language & git\MulesoftSourceCode\.mule\.\.mule\vm-req-rep\queue-xa-tx-log\tx1.log and F:\R language & git\MulesoftSourceCode\.mule\.\.mule\vm-req-rep\queue-xa-tx-log\tx2.log
2020-05-24 15:31:37,591 [Mule.app.deployer.monitor.1.thread.1] INFO  org.mule.lifecycle.AbstractLifecycleManager - Initialising connector: VM
2020-05-24 15:31:37,633 [Mule.app.deployer.monitor.1.thread.1] INFO  org.mule.lifecycle.AbstractLifecycleManager - Initialising model: _muleSystemModel
2020-05-24 15:31:37,634 [Mule.app.deployer.monitor.1.thread.1] INFO  org.mule.construct.FlowConstructLifecycleManager - Initialising flow: request-replyFlow
2020-05-24 15:31:37,634 [Mule.app.deployer.monitor.1.thread.1] INFO  org.mule.exception.DefaultMessagingExceptionStrategy - Initialising exception listener: org.mule.exception.DefaultMessagingExceptionStrategy@4ea03cd5
2020-05-24 15:31:37,657 [Mule.app.deployer.monitor.1.thread.1] INFO  org.mule.processor.SedaStageLifecycleManager - Initialising service: request-replyFlow.stage1
2020-05-24 15:31:37,659 [Mule.app.deployer.monitor.1.thread.1] INFO  org.mule.construct.FlowConstructLifecycleManager - Initialising flow: request-replyFlow1
2020-05-24 15:31:37,659 [Mule.app.deployer.monitor.1.thread.1] INFO  org.mule.exception.DefaultMessagingExceptionStrategy - Initialising exception listener: org.mule.exception.DefaultMessagingExceptionStrategy@6744759b
2020-05-24 15:31:37,670 [Mule.app.deployer.monitor.1.thread.1] INFO  org.mule.processor.SedaStageLifecycleManager - Initialising service: request-replyFlow1.stage1
2020-05-24 15:31:37,673 [Mule.app.deployer.monitor.1.thread.1] INFO  org.mule.construct.FlowConstructLifecycleManager - Initialising flow: request-replyFlow2
2020-05-24 15:31:37,674 [Mule.app.deployer.monitor.1.thread.1] INFO  org.mule.exception.DefaultMessagingExceptionStrategy - Initialising exception listener: org.mule.exception.DefaultMessagingExceptionStrategy@2e6470c3
2020-05-24 15:31:37,685 [Mule.app.deployer.monitor.1.thread.1] INFO  org.mule.processor.SedaStageLifecycleManager - Initialising service: request-replyFlow2.stage1
2020-05-24 15:31:37,733 [Mule.app.deployer.monitor.1.thread.1] INFO  org.mule.api.security.tls.TlsProperties - Loading configuration file: tls-default.conf
2020-05-24 15:31:37,740 [Mule.app.deployer.monitor.1.thread.1] INFO  org.mule.config.spring.SpringXmlConfigurationBuilder - Configured Mule using "org.mule.config.spring.SpringXmlConfigurationBuilder" with configuration resource(s): "[ConfigResource{resourceName='F:\R language & git\MulesoftSourceCode\.mule\apps\vm-req-rep\vm-req-rep.xml'}]"
2020-05-24 15:31:37,741 [Mule.app.deployer.monitor.1.thread.1] INFO  org.mule.config.builders.AutoConfigurationBuilder - Configured Mule using "org.mule.config.builders.AutoConfigurationBuilder" with configuration resource(s): "[ConfigResource{resourceName='F:\R language & git\MulesoftSourceCode\.mule\apps\vm-req-rep\vm-req-rep.xml'}]"
2020-05-24 15:31:37,743 [Mule.app.deployer.monitor.1.thread.1] INFO  org.mule.module.launcher.application.DefaultMuleApplication - 
++++++++++++++++++++++++++++++++++++++++++++++++++++++++++++
+ Starting app 'vm-req-rep'                                +
++++++++++++++++++++++++++++++++++++++++++++++++++++++++++++
2020-05-24 15:31:37,744 [Mule.app.deployer.monitor.1.thread.1] INFO  org.mule.util.queue.QueueXaResourceManager - Starting ResourceManager
2020-05-24 15:31:37,744 [Mule.app.deployer.monitor.1.thread.1] INFO  org.mule.util.queue.QueueXaResourceManager - Started ResourceManager
2020-05-24 15:31:37,766 [Mule.app.deployer.monitor.1.thread.1] INFO  org.mule.module.http.internal.listener.DefaultHttpListenerConfig - Listening for requests on http://localhost:8081/vmrr
2020-05-24 15:31:37,779 [Mule.app.deployer.monitor.1.thread.1] INFO  org.mule.transport.vm.VMConnector - Connected: VMConnector
{
  name=VM
  lifecycle=initialise
  this=21fd533
  numberOfConcurrentTransactedReceivers=4
  createMultipleTransactedReceivers=true
  connected=true
  supportedProtocols=[vm]
  serviceOverrides=<none>
}

2020-05-24 15:31:37,780 [Mule.app.deployer.monitor.1.thread.1] INFO  org.mule.transport.vm.VMConnector - Starting: VMConnector
{
  name=VM
  lifecycle=initialise
  this=21fd533
  numberOfConcurrentTransactedReceivers=4
  createMultipleTransactedReceivers=true
  connected=true
  supportedProtocols=[vm]
  serviceOverrides=<none>
}

2020-05-24 15:31:37,782 [Mule.app.deployer.monitor.1.thread.1] INFO  org.mule.lifecycle.AbstractLifecycleManager - Starting connector: VM
2020-05-24 15:31:37,793 [Mule.app.deployer.monitor.1.thread.1] INFO  org.mule.lifecycle.AbstractLifecycleManager - Starting model: _muleSystemModel
2020-05-24 15:31:37,794 [Mule.app.deployer.monitor.1.thread.1] INFO  org.mule.construct.FlowConstructLifecycleManager - Starting flow: request-replyFlow
2020-05-24 15:31:37,796 [Mule.app.deployer.monitor.1.thread.1] INFO  org.mule.processor.SedaStageLifecycleManager - Starting service: request-replyFlow.stage1
2020-05-24 15:31:37,803 [Mule.app.deployer.monitor.1.thread.1] INFO  org.mule.transport.vm.VMConnector - Registering listener: request-replyFlow on endpointUri: vm://Sender3
2020-05-24 15:31:37,803 [Mule.app.deployer.monitor.1.thread.1] INFO  org.mule.lifecycle.AbstractLifecycleManager - Initialising: 'null'. Object is: VMMessageReceiver
2020-05-24 15:31:37,803 [Mule.app.deployer.monitor.1.thread.1] INFO  org.mule.transport.vm.VMMessageReceiver - Connecting clusterizable message receiver
2020-05-24 15:31:37,804 [Mule.app.deployer.monitor.1.thread.1] INFO  org.mule.lifecycle.AbstractLifecycleManager - Starting: 'null'. Object is: VMMessageReceiver
2020-05-24 15:31:37,808 [Mule.app.deployer.monitor.1.thread.1] INFO  org.mule.transport.vm.VMMessageReceiver - Starting clusterizable message receiver
2020-05-24 15:31:37,819 [Mule.app.deployer.monitor.1.thread.1] INFO  org.mule.construct.FlowConstructLifecycleManager - Starting flow: request-replyFlow1
2020-05-24 15:31:37,821 [Mule.app.deployer.monitor.1.thread.1] INFO  org.mule.processor.SedaStageLifecycleManager - Starting service: request-replyFlow1.stage1
2020-05-24 15:31:37,828 [Mule.app.deployer.monitor.1.thread.1] INFO  org.mule.construct.FlowConstructLifecycleManager - Starting flow: request-replyFlow2
2020-05-24 15:31:37,829 [Mule.app.deployer.monitor.1.thread.1] INFO  org.mule.processor.SedaStageLifecycleManager - Starting service: request-replyFlow2.stage1
2020-05-24 15:31:37,898 [Mule.app.deployer.monitor.1.thread.1] INFO  org.mule.transport.vm.VMConnector - Registering listener: request-replyFlow1 on endpointUri: vm://Sender1
2020-05-24 15:31:37,902 [Mule.app.deployer.monitor.1.thread.1] INFO  org.mule.lifecycle.AbstractLifecycleManager - Initialising: 'null'. Object is: VMMessageReceiver
2020-05-24 15:31:37,902 [Mule.app.deployer.monitor.1.thread.1] INFO  org.mule.transport.vm.VMMessageReceiver - Connecting clusterizable message receiver
2020-05-24 15:31:37,902 [Mule.app.deployer.monitor.1.thread.1] INFO  org.mule.lifecycle.AbstractLifecycleManager - Starting: 'null'. Object is: VMMessageReceiver
2020-05-24 15:31:37,902 [Mule.app.deployer.monitor.1.thread.1] INFO  org.mule.transport.vm.VMMessageReceiver - Starting clusterizable message receiver
2020-05-24 15:31:37,904 [Mule.app.deployer.monitor.1.thread.1] INFO  org.mule.transport.vm.VMConnector - Registering listener: request-replyFlow2 on endpointUri: vm://Sender2
2020-05-24 15:31:37,905 [Mule.app.deployer.monitor.1.thread.1] INFO  org.mule.lifecycle.AbstractLifecycleManager - Initialising: 'null'. Object is: VMMessageReceiver
2020-05-24 15:31:37,906 [Mule.app.deployer.monitor.1.thread.1] INFO  org.mule.transport.vm.VMMessageReceiver - Connecting clusterizable message receiver
2020-05-24 15:31:37,906 [Mule.app.deployer.monitor.1.thread.1] INFO  org.mule.lifecycle.AbstractLifecycleManager - Starting: 'null'. Object is: VMMessageReceiver
2020-05-24 15:31:37,906 [Mule.app.deployer.monitor.1.thread.1] INFO  org.mule.transport.vm.VMMessageReceiver - Starting clusterizable message receiver
2020-05-24 15:31:37,908 [Mule.app.deployer.monitor.1.thread.1] INFO  org.mule.module.management.agent.WrapperManagerAgent - This JVM hasn't been launched by the wrapper, the agent will not run.
2020-05-24 15:31:37,919 [Mule.app.deployer.monitor.1.thread.1] INFO  org.mule.module.management.agent.AbstractJmxAgent - Attempting to register service with name: Mule.vm-req-rep:type=Endpoint,service="request-replyFlow",connector=VM,name="endpoint.vm.Sender3"
2020-05-24 15:31:37,921 [Mule.app.deployer.monitor.1.thread.1] INFO  org.mule.module.management.agent.AbstractJmxAgent - Registered Endpoint Service with name: Mule.vm-req-rep:type=Endpoint,service="request-replyFlow",connector=VM,name="endpoint.vm.Sender3"
2020-05-24 15:31:37,922 [Mule.app.deployer.monitor.1.thread.1] INFO  org.mule.module.management.agent.AbstractJmxAgent - Attempting to register service with name: Mule.vm-req-rep:type=Endpoint,service="request-replyFlow2",connector=VM,name="endpoint.vm.Sender2"
2020-05-24 15:31:37,924 [Mule.app.deployer.monitor.1.thread.1] INFO  org.mule.module.management.agent.AbstractJmxAgent - Registered Endpoint Service with name: Mule.vm-req-rep:type=Endpoint,service="request-replyFlow2",connector=VM,name="endpoint.vm.Sender2"
2020-05-24 15:31:37,925 [Mule.app.deployer.monitor.1.thread.1] INFO  org.mule.module.management.agent.AbstractJmxAgent - Attempting to register service with name: Mule.vm-req-rep:type=Endpoint,service="request-replyFlow1",connector=VM,name="endpoint.vm.Sender1"
2020-05-24 15:31:37,946 [Mule.app.deployer.monitor.1.thread.1] INFO  org.mule.module.management.agent.AbstractJmxAgent - Registered Endpoint Service with name: Mule.vm-req-rep:type=Endpoint,service="request-replyFlow1",connector=VM,name="endpoint.vm.Sender1"
2020-05-24 15:31:37,947 [Mule.app.deployer.monitor.1.thread.1] INFO  org.mule.module.management.agent.AbstractJmxAgent - Registered Connector Service with name Mule.vm-req-rep:type=Connector,name="VM"
2020-05-24 15:31:37,949 [Mule.app.deployer.monitor.1.thread.1] INFO  org.mule.DefaultMuleContext - 
**********************************************************************
* Application: vm-req-rep                                            *
* OS encoding: \, Mule encoding: UTF-8                               *
*                                                                    *
* Agents Running:                                                    *
*   JMX Agent                                                        *
*   Batch module default engine                                      *
*   Wrapper Manager                                                  *
**********************************************************************
2020-05-24 15:32:06,717 [main] INFO  org.mule.module.launcher.application.DefaultMuleApplication - 
++++++++++++++++++++++++++++++++++++++++++++++++++++++++++++
+ Initializing app 'vm-req-rep'                            +
++++++++++++++++++++++++++++++++++++++++++++++++++++++++++++
2020-05-24 15:32:07,327 [main] INFO  org.mule.util.JdkVersionUtils - You're executing with a JDK made by a vendor that is not on the recommended list of vendors. Vendor: AdoptOpenJDK Please consider changing to a recommended JDK vendor.
2020-05-24 15:32:07,345 [main] INFO  org.mule.lifecycle.AbstractLifecycleManager - Initialising RegistryBroker
2020-05-24 15:32:07,591 [main] INFO  org.mule.module.extension.internal.manager.DefaultExtensionManager - Starting discovery of extensions
2020-05-24 15:32:08,054 [main] INFO  org.mule.module.extension.internal.manager.DefaultExtensionManager - Discovered 1 extensions
2020-05-24 15:32:08,054 [main] INFO  org.mule.module.extension.internal.manager.DefaultExtensionManager - Registering extension validation (version 3.9)
2020-05-24 15:32:08,167 [main] INFO  org.mule.config.spring.MuleArtifactContext - Refreshing org.mule.config.spring.MuleArtifactContext@2eaef76d: startup date [Sun May 24 15:32:08 IST 2020]; root of context hierarchy
2020-05-24 15:32:11,551 [main] INFO  org.mule.config.spring.processors.NoDevkitInjectorProcessor - JSR-330 'javax.inject.Inject' annotation found and supported for autowiring
2020-05-24 15:32:13,911 [main] WARN  org.mule.module.ognl.expression.OgnlExpressionEvaluator - OGNL module is deprecated and will be removed in Mule 4.0. Use MEL expressions instead.
2020-05-24 15:32:14,691 [main] INFO  org.mule.util.journal.TransactionJournal - Using files for tx logs F:\R language & git\MulesoftSourceCode\.mule\.\.mule\vm-req-rep\queue-tx-log\tx1.log and F:\R language & git\MulesoftSourceCode\.mule\.\.mule\vm-req-rep\queue-tx-log\tx2.log
2020-05-24 15:32:14,710 [main] INFO  org.mule.util.journal.TransactionJournal - Using files for tx logs F:\R language & git\MulesoftSourceCode\.mule\.\.mule\vm-req-rep\queue-xa-tx-log\tx1.log and F:\R language & git\MulesoftSourceCode\.mule\.\.mule\vm-req-rep\queue-xa-tx-log\tx2.log
2020-05-24 15:32:14,718 [main] INFO  org.mule.lifecycle.AbstractLifecycleManager - Initialising connector: VM
2020-05-24 15:32:14,952 [main] INFO  org.mule.lifecycle.AbstractLifecycleManager - Initialising model: _muleSystemModel
2020-05-24 15:32:14,966 [main] INFO  org.mule.construct.FlowConstructLifecycleManager - Initialising flow: request-replyFlow
2020-05-24 15:32:14,966 [main] INFO  org.mule.exception.DefaultMessagingExceptionStrategy - Initialising exception listener: org.mule.exception.DefaultMessagingExceptionStrategy@51eb0e84
2020-05-24 15:32:15,019 [main] INFO  org.mule.processor.SedaStageLifecycleManager - Initialising service: request-replyFlow.stage1
2020-05-24 15:32:15,041 [main] INFO  org.mule.construct.FlowConstructLifecycleManager - Initialising flow: request-replyFlow1
2020-05-24 15:32:15,042 [main] INFO  org.mule.exception.DefaultMessagingExceptionStrategy - Initialising exception listener: org.mule.exception.DefaultMessagingExceptionStrategy@7cb29ea8
2020-05-24 15:32:15,047 [main] INFO  org.mule.processor.SedaStageLifecycleManager - Initialising service: request-replyFlow1.stage1
2020-05-24 15:32:15,048 [main] INFO  org.mule.construct.FlowConstructLifecycleManager - Initialising flow: request-replyFlow2
2020-05-24 15:32:15,049 [main] INFO  org.mule.exception.DefaultMessagingExceptionStrategy - Initialising exception listener: org.mule.exception.DefaultMessagingExceptionStrategy@21be14c2
2020-05-24 15:32:15,050 [main] INFO  org.mule.processor.SedaStageLifecycleManager - Initialising service: request-replyFlow2.stage1
2020-05-24 15:32:15,502 [main] INFO  org.mule.api.security.tls.TlsProperties - Loading configuration file: tls-default.conf
2020-05-24 15:32:15,515 [main] INFO  org.mule.config.spring.SpringXmlConfigurationBuilder - Configured Mule using "org.mule.config.spring.SpringXmlConfigurationBuilder" with configuration resource(s): "[ConfigResource{resourceName='F:\R language & git\MulesoftSourceCode\.mule\apps\vm-req-rep\vm-req-rep.xml'}]"
2020-05-24 15:32:15,515 [main] INFO  org.mule.config.builders.AutoConfigurationBuilder - Configured Mule using "org.mule.config.builders.AutoConfigurationBuilder" with configuration resource(s): "[ConfigResource{resourceName='F:\R language & git\MulesoftSourceCode\.mule\apps\vm-req-rep\vm-req-rep.xml'}]"
2020-05-24 15:32:15,529 [main] INFO  com.mulesoft.module.policies.lifecyle.GateKeeper - GateKeeper Mode: DISABLED
2020-05-24 15:32:15,529 [main] INFO  org.mule.module.launcher.application.DefaultMuleApplication - 
++++++++++++++++++++++++++++++++++++++++++++++++++++++++++++
+ Starting app 'vm-req-rep'                                +
++++++++++++++++++++++++++++++++++++++++++++++++++++++++++++
2020-05-24 15:32:15,550 [main] INFO  org.mule.util.queue.QueueXaResourceManager - Starting ResourceManager
2020-05-24 15:32:15,550 [main] INFO  org.mule.util.queue.QueueXaResourceManager - Started ResourceManager
2020-05-24 15:32:15,605 [main] INFO  org.mule.module.http.internal.listener.DefaultHttpListenerConfig - Listening for requests on http://localhost:8081/vmrr
2020-05-24 15:32:15,608 [main] INFO  org.mule.transport.vm.VMConnector - Connected: VMConnector
{
  name=VM
  lifecycle=initialise
  this=71369e1a
  numberOfConcurrentTransactedReceivers=4
  createMultipleTransactedReceivers=true
  connected=true
  supportedProtocols=[vm]
  serviceOverrides=<none>
}

2020-05-24 15:32:15,608 [main] INFO  org.mule.transport.vm.VMConnector - Starting: VMConnector
{
  name=VM
  lifecycle=initialise
  this=71369e1a
  numberOfConcurrentTransactedReceivers=4
  createMultipleTransactedReceivers=true
  connected=true
  supportedProtocols=[vm]
  serviceOverrides=<none>
}

2020-05-24 15:32:15,609 [main] INFO  org.mule.lifecycle.AbstractLifecycleManager - Starting connector: VM
2020-05-24 15:32:15,620 [main] INFO  org.mule.lifecycle.AbstractLifecycleManager - Starting model: _muleSystemModel
2020-05-24 15:32:15,622 [main] INFO  org.mule.construct.FlowConstructLifecycleManager - Starting flow: request-replyFlow
2020-05-24 15:32:15,622 [main] INFO  org.mule.processor.SedaStageLifecycleManager - Starting service: request-replyFlow.stage1
2020-05-24 15:32:15,642 [main] INFO  org.mule.transport.vm.VMConnector - Registering listener: request-replyFlow on endpointUri: vm://Sender3
2020-05-24 15:32:15,678 [main] INFO  org.mule.lifecycle.AbstractLifecycleManager - Initialising: 'null'. Object is: VMMessageReceiver
2020-05-24 15:32:15,678 [main] INFO  org.mule.transport.vm.VMMessageReceiver - Connecting clusterizable message receiver
2020-05-24 15:32:15,682 [main] INFO  org.mule.lifecycle.AbstractLifecycleManager - Starting: 'null'. Object is: VMMessageReceiver
2020-05-24 15:32:15,682 [main] INFO  org.mule.transport.vm.VMMessageReceiver - Starting clusterizable message receiver
2020-05-24 15:32:15,686 [main] INFO  org.mule.construct.FlowConstructLifecycleManager - Starting flow: request-replyFlow1
2020-05-24 15:32:15,686 [main] INFO  org.mule.processor.SedaStageLifecycleManager - Starting service: request-replyFlow1.stage1
2020-05-24 15:32:15,691 [main] INFO  org.mule.construct.FlowConstructLifecycleManager - Starting flow: request-replyFlow2
2020-05-24 15:32:15,694 [main] INFO  org.mule.processor.SedaStageLifecycleManager - Starting service: request-replyFlow2.stage1
2020-05-24 15:32:16,054 [main] INFO  org.mule.transport.vm.VMConnector - Registering listener: request-replyFlow1 on endpointUri: vm://Sender1
2020-05-24 15:32:16,055 [main] INFO  org.mule.lifecycle.AbstractLifecycleManager - Initialising: 'null'. Object is: VMMessageReceiver
2020-05-24 15:32:16,055 [main] INFO  org.mule.transport.vm.VMMessageReceiver - Connecting clusterizable message receiver
2020-05-24 15:32:16,056 [main] INFO  org.mule.lifecycle.AbstractLifecycleManager - Starting: 'null'. Object is: VMMessageReceiver
2020-05-24 15:32:16,056 [main] INFO  org.mule.transport.vm.VMMessageReceiver - Starting clusterizable message receiver
2020-05-24 15:32:16,056 [main] INFO  org.mule.transport.vm.VMConnector - Registering listener: request-replyFlow2 on endpointUri: vm://Sender2
2020-05-24 15:32:16,057 [main] INFO  org.mule.lifecycle.AbstractLifecycleManager - Initialising: 'null'. Object is: VMMessageReceiver
2020-05-24 15:32:16,057 [main] INFO  org.mule.transport.vm.VMMessageReceiver - Connecting clusterizable message receiver
2020-05-24 15:32:16,057 [main] INFO  org.mule.lifecycle.AbstractLifecycleManager - Starting: 'null'. Object is: VMMessageReceiver
2020-05-24 15:32:16,057 [main] INFO  org.mule.transport.vm.VMMessageReceiver - Starting clusterizable message receiver
2020-05-24 15:32:16,071 [main] INFO  org.mule.module.management.agent.WrapperManagerAgent - This JVM hasn't been launched by the wrapper, the agent will not run.
2020-05-24 15:32:16,117 [main] INFO  org.mule.module.management.agent.AbstractJmxAgent - Attempting to register service with name: Mule.vm-req-rep:type=Endpoint,service="request-replyFlow",connector=VM,name="endpoint.vm.Sender3"
2020-05-24 15:32:16,120 [main] INFO  org.mule.module.management.agent.AbstractJmxAgent - Registered Endpoint Service with name: Mule.vm-req-rep:type=Endpoint,service="request-replyFlow",connector=VM,name="endpoint.vm.Sender3"
2020-05-24 15:32:16,121 [main] INFO  org.mule.module.management.agent.AbstractJmxAgent - Attempting to register service with name: Mule.vm-req-rep:type=Endpoint,service="request-replyFlow2",connector=VM,name="endpoint.vm.Sender2"
2020-05-24 15:32:16,121 [main] INFO  org.mule.module.management.agent.AbstractJmxAgent - Registered Endpoint Service with name: Mule.vm-req-rep:type=Endpoint,service="request-replyFlow2",connector=VM,name="endpoint.vm.Sender2"
2020-05-24 15:32:16,121 [main] INFO  org.mule.module.management.agent.AbstractJmxAgent - Attempting to register service with name: Mule.vm-req-rep:type=Endpoint,service="request-replyFlow1",connector=VM,name="endpoint.vm.Sender1"
2020-05-24 15:32:16,121 [main] INFO  org.mule.module.management.agent.AbstractJmxAgent - Registered Endpoint Service with name: Mule.vm-req-rep:type=Endpoint,service="request-replyFlow1",connector=VM,name="endpoint.vm.Sender1"
2020-05-24 15:32:16,121 [main] INFO  org.mule.module.management.agent.AbstractJmxAgent - Registered Connector Service with name Mule.vm-req-rep:type=Connector,name="VM"
2020-05-24 15:32:16,132 [main] INFO  org.mule.DefaultMuleContext - 
**********************************************************************
* Application: vm-req-rep                                            *
* OS encoding: \, Mule encoding: UTF-8                               *
*                                                                    *
* Agents Running:                                                    *
*   JMX Agent                                                        *
*   Batch module default engine                                      *
*   Wrapper Manager                                                  *
**********************************************************************
2020-05-24 15:32:31,191 [[vm-req-rep].HTTP_Listener_Configuration.worker.01] INFO  org.mule.api.processor.LoggerMessageProcessor - ************Request has been Received from Http*************
2020-05-24 15:32:31,239 [[vm-req-rep].HTTP_Listener_Configuration.worker.01] INFO  org.mule.api.processor.LoggerMessageProcessor - {NullPayload}
2020-05-24 15:32:31,243 [[vm-req-rep].HTTP_Listener_Configuration.worker.01] INFO  org.mule.api.processor.LoggerMessageProcessor - After Set Payload************{NullPayload}
2020-05-24 15:32:31,366 [[vm-req-rep].HTTP_Listener_Configuration.worker.01] INFO  org.mule.api.processor.LoggerMessageProcessor - ***Flow******shekhar
2020-05-24 15:32:31,395 [[vm-req-rep].HTTP_Listener_Configuration.worker.01] INFO  org.mule.api.processor.LoggerMessageProcessor - *********Session********shekhar
2020-05-24 15:32:31,495 [[vm-req-rep].HTTP_Listener_Configuration.worker.01] INFO  org.mule.lifecycle.AbstractLifecycleManager - Initialising: 'VM.dispatcher.1056008103'. Object is: VMMessageDispatcher
2020-05-24 15:32:31,495 [[vm-req-rep].HTTP_Listener_Configuration.worker.01] INFO  org.mule.lifecycle.AbstractLifecycleManager - Starting: 'VM.dispatcher.1056008103'. Object is: VMMessageDispatcher
2020-05-24 15:32:40,183 [[vm-req-rep].HTTP_Listener_Configuration.worker.01] INFO  org.mule.api.processor.LoggerMessageProcessor - ****Message Id Logger*************** Message and Correlation Id'are****************ae813750-9da5-11ea-b103-f828198890b5
2020-05-24 15:32:42,087 [[vm-req-rep].HTTP_Listener_Configuration.worker.01] INFO  org.mule.api.processor.LoggerMessageProcessor - *********Before choice**********
2020-05-24 15:32:53,881 [[vm-req-rep].HTTP_Listener_Configuration.worker.01] INFO  org.mule.api.processor.LoggerMessageProcessor - **********After Choice*********
2020-05-24 15:32:53,896 [[vm-req-rep].HTTP_Listener_Configuration.worker.01] INFO  org.mule.lifecycle.AbstractLifecycleManager - Initialising: 'VM.dispatcher.339403820'. Object is: VMMessageDispatcher
2020-05-24 15:32:53,896 [[vm-req-rep].HTTP_Listener_Configuration.worker.01] INFO  org.mule.lifecycle.AbstractLifecycleManager - Starting: 'VM.dispatcher.339403820'. Object is: VMMessageDispatcher
2020-05-24 15:32:53,905 [[vm-req-rep].HTTP_Listener_Configuration.worker.01] INFO  org.mule.transport.DefaultReplyToHandler - reply to sent: DefaultOutboundEndpoint{endpointUri=vm://Sender3?connector=VM, connector=VMConnector
{
  name=VM
  lifecycle=start
  this=71369e1a
  numberOfConcurrentTransactedReceivers=4
  createMultipleTransactedReceivers=true
  connected=true
  supportedProtocols=[vm]
  serviceOverrides=<none>
}
,  name='endpoint.vm.Sender3', mep=ONE_WAY, properties={connector=VM}, transactionConfig=Transaction{factory=null, action=INDIFFERENT, timeout=0}, deleteUnacceptedMessages=false, initialState=started, responseTimeout=10000, endpointEncoding=UTF-8, disableTransportTransformer=false}
2020-05-24 15:32:56,563 [[vm-req-rep].HTTP_Listener_Configuration.worker.01] INFO  org.mule.api.processor.LoggerMessageProcessor - **********Final Receiver Received the Request****************
